This is pdfTeX, Version 3.141592653-2.6-1.40.26 (TeX Live 2024) (preloaded format=pdflatex 2024.6.17)  18 JUN 2024 09:30
entering extended mode
 restricted \write18 enabled.
 %&-line parsing enabled.
**report.tex
(./report.tex
LaTeX2e <2024-06-01> patch level 1
L3 programming layer <2024-05-27>
(/Users/cedric/Library/TinyTeX/texmf-dist/tex/latex/base/article.cls
Document Class: article 2024/02/08 v1.4n Standard LaTeX document class
(/Users/cedric/Library/TinyTeX/texmf-dist/tex/latex/base/size10.clo
File: size10.clo 2024/02/08 v1.4n Standard LaTeX file (size option)
)
\c@part=\count194
\c@section=\count195
\c@subsection=\count196
\c@subsubsection=\count197
\c@paragraph=\count198
\c@subparagraph=\count199
\c@figure=\count266
\c@table=\count267
\abovecaptionskip=\skip49
\belowcaptionskip=\skip50
\bibindent=\dimen141
) (/Users/cedric/Library/TinyTeX/texmf-dist/tex/latex/amsmath/amsmath.sty
Package: amsmath 2024/05/23 v2.17q AMS math features
\@mathmargin=\skip51
For additional information on amsmath, use the `?' option.
(/Users/cedric/Library/TinyTeX/texmf-dist/tex/latex/amsmath/amstext.sty
Package: amstext 2021/08/26 v2.01 AMS text
(/Users/cedric/Library/TinyTeX/texmf-dist/tex/latex/amsmath/amsgen.sty
File: amsgen.sty 1999/11/30 v2.0 generic functions
\@emptytoks=\toks17
\ex@=\dimen142
)) (/Users/cedric/Library/TinyTeX/texmf-dist/tex/latex/amsmath/amsbsy.sty
Package: amsbsy 1999/11/29 v1.2d Bold Symbols
\pmbraise@=\dimen143
) (/Users/cedric/Library/TinyTeX/texmf-dist/tex/latex/amsmath/amsopn.sty
Package: amsopn 2022/04/08 v2.04 operator names
)
\inf@bad=\count268
LaTeX Info: Redefining \frac on input line 233.
\uproot@=\count269
\leftroot@=\count270
LaTeX Info: Redefining \overline on input line 398.
LaTeX Info: Redefining \colon on input line 409.
\classnum@=\count271
\DOTSCASE@=\count272
LaTeX Info: Redefining \ldots on input line 495.
LaTeX Info: Redefining \dots on input line 498.
LaTeX Info: Redefining \cdots on input line 619.
\Mathstrutbox@=\box52
\strutbox@=\box53
LaTeX Info: Redefining \big on input line 721.
LaTeX Info: Redefining \Big on input line 722.
LaTeX Info: Redefining \bigg on input line 723.
LaTeX Info: Redefining \Bigg on input line 724.
\big@size=\dimen144
LaTeX Font Info:    Redeclaring font encoding OML on input line 742.
LaTeX Font Info:    Redeclaring font encoding OMS on input line 743.
\macc@depth=\count273
LaTeX Info: Redefining \bmod on input line 904.
LaTeX Info: Redefining \pmod on input line 909.
LaTeX Info: Redefining \smash on input line 939.
LaTeX Info: Redefining \relbar on input line 969.
LaTeX Info: Redefining \Relbar on input line 970.
\c@MaxMatrixCols=\count274
\dotsspace@=\muskip17
\c@parentequation=\count275
\dspbrk@lvl=\count276
\tag@help=\toks18
\row@=\count277
\column@=\count278
\maxfields@=\count279
\andhelp@=\toks19
\eqnshift@=\dimen145
\alignsep@=\dimen146
\tagshift@=\dimen147
\tagwidth@=\dimen148
\totwidth@=\dimen149
\lineht@=\dimen150
\@envbody=\toks20
\multlinegap=\skip52
\multlinetaggap=\skip53
\mathdisplay@stack=\toks21
LaTeX Info: Redefining \[ on input line 2953.
LaTeX Info: Redefining \] on input line 2954.
) (/Users/cedric/Library/TinyTeX/texmf-dist/tex/latex/amsfonts/amssymb.sty
Package: amssymb 2013/01/14 v3.01 AMS font symbols
(/Users/cedric/Library/TinyTeX/texmf-dist/tex/latex/amsfonts/amsfonts.sty
Package: amsfonts 2013/01/14 v3.01 Basic AMSFonts support
\symAMSa=\mathgroup4
\symAMSb=\mathgroup5
LaTeX Font Info:    Redeclaring math symbol \hbar on input line 98.
LaTeX Font Info:    Overwriting math alphabet `\mathfrak' in version `bold'
(Font)                  U/euf/m/n --> U/euf/b/n on input line 106.
)) (/Users/cedric/Library/TinyTeX/texmf-dist/tex/generic/iftex/iftex.sty
Package: iftex 2022/02/03 v1.0f TeX engine tests
) (/Users/cedric/Library/TinyTeX/texmf-dist/tex/latex/base/fontenc.sty
Package: fontenc 2021/04/29 v2.0v Standard LaTeX package
) (/Users/cedric/Library/TinyTeX/texmf-dist/tex/latex/base/inputenc.sty
Package: inputenc 2024/02/08 v1.3d Input encoding file
\inpenc@prehook=\toks22
\inpenc@posthook=\toks23
) (/Users/cedric/Library/TinyTeX/texmf-dist/tex/latex/base/textcomp.sty
Package: textcomp 2024/04/24 v2.1b Standard LaTeX package
) (/Users/cedric/Library/TinyTeX/texmf-dist/tex/latex/lm/lmodern.sty
Package: lmodern 2015/05/01 v1.6.1 Latin Modern Fonts
LaTeX Font Info:    Overwriting symbol font `operators' in version `normal'
(Font)                  OT1/cmr/m/n --> OT1/lmr/m/n on input line 22.
LaTeX Font Info:    Overwriting symbol font `letters' in version `normal'
(Font)                  OML/cmm/m/it --> OML/lmm/m/it on input line 23.
LaTeX Font Info:    Overwriting symbol font `symbols' in version `normal'
(Font)                  OMS/cmsy/m/n --> OMS/lmsy/m/n on input line 24.
LaTeX Font Info:    Overwriting symbol font `largesymbols' in version `normal'
(Font)                  OMX/cmex/m/n --> OMX/lmex/m/n on input line 25.
LaTeX Font Info:    Overwriting symbol font `operators' in version `bold'
(Font)                  OT1/cmr/bx/n --> OT1/lmr/bx/n on input line 26.
LaTeX Font Info:    Overwriting symbol font `letters' in version `bold'
(Font)                  OML/cmm/b/it --> OML/lmm/b/it on input line 27.
LaTeX Font Info:    Overwriting symbol font `symbols' in version `bold'
(Font)                  OMS/cmsy/b/n --> OMS/lmsy/b/n on input line 28.
LaTeX Font Info:    Overwriting symbol font `largesymbols' in version `bold'
(Font)                  OMX/cmex/m/n --> OMX/lmex/m/n on input line 29.
LaTeX Font Info:    Overwriting math alphabet `\mathbf' in version `normal'
(Font)                  OT1/cmr/bx/n --> OT1/lmr/bx/n on input line 31.
LaTeX Font Info:    Overwriting math alphabet `\mathsf' in version `normal'
(Font)                  OT1/cmss/m/n --> OT1/lmss/m/n on input line 32.
LaTeX Font Info:    Overwriting math alphabet `\mathit' in version `normal'
(Font)                  OT1/cmr/m/it --> OT1/lmr/m/it on input line 33.
LaTeX Font Info:    Overwriting math alphabet `\mathtt' in version `normal'
(Font)                  OT1/cmtt/m/n --> OT1/lmtt/m/n on input line 34.
LaTeX Font Info:    Overwriting math alphabet `\mathbf' in version `bold'
(Font)                  OT1/cmr/bx/n --> OT1/lmr/bx/n on input line 35.
LaTeX Font Info:    Overwriting math alphabet `\mathsf' in version `bold'
(Font)                  OT1/cmss/bx/n --> OT1/lmss/bx/n on input line 36.
LaTeX Font Info:    Overwriting math alphabet `\mathit' in version `bold'
(Font)                  OT1/cmr/bx/it --> OT1/lmr/bx/it on input line 37.
LaTeX Font Info:    Overwriting math alphabet `\mathtt' in version `bold'
(Font)                  OT1/cmtt/m/n --> OT1/lmtt/m/n on input line 38.
) (/Users/cedric/Library/TinyTeX/texmf-dist/tex/latex/upquote/upquote.sty
Package: upquote 2012/04/19 v1.3 upright-quote and grave-accent glyphs in verbatim
) (/Users/cedric/Library/TinyTeX/texmf-dist/tex/latex/microtype/microtype.sty
Package: microtype 2024/03/29 v3.1b Micro-typographical refinements (RS)
(/Users/cedric/Library/TinyTeX/texmf-dist/tex/latex/graphics/keyval.sty
Package: keyval 2022/05/29 v1.15 key=value parser (DPC)
\KV@toks@=\toks24
) (/Users/cedric/Library/TinyTeX/texmf-dist/tex/latex/etoolbox/etoolbox.sty
Package: etoolbox 2020/10/05 v2.5k e-TeX tools for LaTeX (JAW)
\etb@tempcnta=\count280
)
\MT@toks=\toks25
\MT@tempbox=\box54
\MT@count=\count281
LaTeX Info: Redefining \noprotrusionifhmode on input line 1061.
LaTeX Info: Redefining \leftprotrusion on input line 1062.
\MT@prot@toks=\toks26
LaTeX Info: Redefining \rightprotrusion on input line 1081.
LaTeX Info: Redefining \textls on input line 1392.
\MT@outer@kern=\dimen151
LaTeX Info: Redefining \textmicrotypecontext on input line 2013.
\MT@listname@count=\count282
(/Users/cedric/Library/TinyTeX/texmf-dist/tex/latex/microtype/microtype-pdftex.def
File: microtype-pdftex.def 2024/03/29 v3.1b Definitions specific to pdftex (RS)
LaTeX Info: Redefining \lsstyle on input line 902.
LaTeX Info: Redefining \lslig on input line 902.
\MT@outer@space=\skip54
)
Package microtype Info: Loading configuration file microtype.cfg.
(/Users/cedric/Library/TinyTeX/texmf-dist/tex/latex/microtype/microtype.cfg
File: microtype.cfg 2024/03/29 v3.1b microtype main configuration file (RS)
)) (/Users/cedric/Library/TinyTeX/texmf-dist/tex/latex/parskip/parskip.sty
Package: parskip 2021-03-14 v2.0h non-zero parskip adjustments
(/Users/cedric/Library/TinyTeX/texmf-dist/tex/latex/kvoptions/kvoptions.sty
Package: kvoptions 2022-06-15 v3.15 Key value format for package options (HO)
(/Users/cedric/Library/TinyTeX/texmf-dist/tex/generic/ltxcmds/ltxcmds.sty
Package: ltxcmds 2023-12-04 v1.26 LaTeX kernel commands for general use (HO)
) (/Users/cedric/Library/TinyTeX/texmf-dist/tex/latex/kvsetkeys/kvsetkeys.sty
Package: kvsetkeys 2022-10-05 v1.19 Key value parser (HO)
))) (/Users/cedric/Library/TinyTeX/texmf-dist/tex/latex/xcolor/xcolor.sty
Package: xcolor 2023/11/15 v3.01 LaTeX color extensions (UK)
(/Users/cedric/Library/TinyTeX/texmf-dist/tex/latex/graphics-cfg/color.cfg
File: color.cfg 2016/01/02 v1.6 sample color configuration
)
Package xcolor Info: Driver file: pdftex.def on input line 274.
(/Users/cedric/Library/TinyTeX/texmf-dist/tex/latex/graphics-def/pdftex.def
File: pdftex.def 2024/04/13 v1.2c Graphics/color driver for pdftex
) (/Users/cedric/Library/TinyTeX/texmf-dist/tex/latex/graphics/mathcolor.ltx)
Package xcolor Info: Model `cmy' substituted by `cmy0' on input line 1350.
Package xcolor Info: Model `hsb' substituted by `rgb' on input line 1354.
Package xcolor Info: Model `RGB' extended on input line 1366.
Package xcolor Info: Model `HTML' substituted by `rgb' on input line 1368.
Package xcolor Info: Model `Hsb' substituted by `hsb' on input line 1369.
Package xcolor Info: Model `tHsb' substituted by `hsb' on input line 1370.
Package xcolor Info: Model `HSB' substituted by `hsb' on input line 1371.
Package xcolor Info: Model `Gray' substituted by `gray' on input line 1372.
Package xcolor Info: Model `wave' substituted by `hsb' on input line 1373.
) (/Users/cedric/Library/TinyTeX/texmf-dist/tex/latex/geometry/geometry.sty
Package: geometry 2020/01/02 v5.9 Page Geometry
(/Users/cedric/Library/TinyTeX/texmf-dist/tex/generic/iftex/ifvtex.sty
Package: ifvtex 2019/10/25 v1.7 ifvtex legacy package. Use iftex instead.
)
\Gm@cnth=\count283
\Gm@cntv=\count284
\c@Gm@tempcnt=\count285
\Gm@bindingoffset=\dimen152
\Gm@wd@mp=\dimen153
\Gm@odd@mp=\dimen154
\Gm@even@mp=\dimen155
\Gm@layoutwidth=\dimen156
\Gm@layoutheight=\dimen157
\Gm@layouthoffset=\dimen158
\Gm@layoutvoffset=\dimen159
\Gm@dimlist=\toks27
) (/Users/cedric/Library/TinyTeX/texmf-dist/tex/latex/graphics/graphicx.sty
Package: graphicx 2021/09/16 v1.2d Enhanced LaTeX Graphics (DPC,SPQR)
(/Users/cedric/Library/TinyTeX/texmf-dist/tex/latex/graphics/graphics.sty
Package: graphics 2024/05/23 v1.4g Standard LaTeX Graphics (DPC,SPQR)
(/Users/cedric/Library/TinyTeX/texmf-dist/tex/latex/graphics/trig.sty
Package: trig 2023/12/02 v1.11 sin cos tan (DPC)
) (/Users/cedric/Library/TinyTeX/texmf-dist/tex/latex/graphics-cfg/graphics.cfg
File: graphics.cfg 2016/06/04 v1.11 sample graphics configuration
)
Package graphics Info: Driver file: pdftex.def on input line 106.
)
\Gin@req@height=\dimen160
\Gin@req@width=\dimen161
) (/Users/cedric/Library/TinyTeX/texmf-dist/tex/latex/multirow/multirow.sty
Package: multirow 2021/03/15 v2.8 Span multiple rows of a table
\multirow@colwidth=\skip55
\multirow@cntb=\count286
\multirow@dima=\skip56
\bigstrutjot=\dimen162
) (/Users/cedric/Library/TinyTeX/texmf-dist/tex/latex/tools/multicol.sty
Package: multicol 2024/05/23 v1.9h multicolumn formatting (FMi)
\c@tracingmulticols=\count287
\mult@box=\box55
\multicol@leftmargin=\dimen163
\c@unbalance=\count288
\c@collectmore=\count289
\doublecol@number=\count290
\multicoltolerance=\count291
\multicolpretolerance=\count292
\full@width=\dimen164
\page@free=\dimen165
\premulticols=\dimen166
\postmulticols=\dimen167
\multicolsep=\skip57
\multicolbaselineskip=\skip58
\partial@page=\box56
\last@line=\box57
\mc@boxedresult=\box58
\maxbalancingoverflow=\dimen168
\mult@rightbox=\box59
\mult@grightbox=\box60
\mult@firstbox=\box61
\mult@gfirstbox=\box62
\@tempa=\box63
\@tempa=\box64
\@tempa=\box65
\@tempa=\box66
\@tempa=\box67
\@tempa=\box68
\@tempa=\box69
\@tempa=\box70
\@tempa=\box71
\@tempa=\box72
\@tempa=\box73
\@tempa=\box74
\@tempa=\box75
\@tempa=\box76
\@tempa=\box77
\@tempa=\box78
\@tempa=\box79
\@tempa=\box80
\@tempa=\box81
\@tempa=\box82
\@tempa=\box83
\@tempa=\box84
\@tempa=\box85
\@tempa=\box86
\@tempa=\box87
\@tempa=\box88
\@tempa=\box89
\@tempa=\box90
\@tempa=\box91
\@tempa=\box92
\@tempa=\box93
\@tempa=\box94
\@tempa=\box95
\@tempa=\box96
\@tempa=\box97
\@tempa=\box98
\c@minrows=\count293
\c@columnbadness=\count294
\c@finalcolumnbadness=\count295
\last@try=\dimen169
\multicolovershoot=\dimen170
\multicolundershoot=\dimen171
\mult@nat@firstbox=\box99
\colbreak@box=\box100
\mc@col@check@num=\count296
) (/Users/cedric/Library/TinyTeX/texmf-dist/tex/latex/colortbl/colortbl.sty
Package: colortbl 2024/05/26 v1.0h Color table columns (DPC)
(/Users/cedric/Library/TinyTeX/texmf-dist/tex/latex/tools/array.sty
Package: array 2024/06/14 v2.6d Tabular extension package (FMi)
\col@sep=\dimen172
\ar@mcellbox=\box101
\extrarowheight=\dimen173
\NC@list=\toks28
\extratabsurround=\skip59
\backup@length=\skip60
\ar@cellbox=\box102
)
\everycr=\toks29
\minrowclearance=\skip61
\rownum=\count297
) (/Users/cedric/Library/TinyTeX/texmf-dist/tex/latex/tools/hhline.sty
Package: hhline 2020/01/04 v2.04 Table rule package (DPC)
)
\Oldarrayrulewidth=\skip62
\Oldtabcolsep=\skip63
(/Users/cedric/Library/TinyTeX/texmf-dist/tex/latex/tools/longtable.sty
Package: longtable 2024-04-26 v4.20 Multi-page Table package (DPC)
\LTleft=\skip64
\LTright=\skip65
\LTpre=\skip66
\LTpost=\skip67
\LTchunksize=\count298
\LTcapwidth=\dimen174
\LT@head=\box103
\LT@firsthead=\box104
\LT@foot=\box105
\LT@lastfoot=\box106
\LT@gbox=\box107
\LT@cols=\count299
\LT@rows=\count300
\c@LT@tables=\count301
\c@LT@chunks=\count302
\LT@p@ftn=\toks30
) (/Users/cedric/Library/TinyTeX/texmf-dist/tex/latex/hyperref/hyperref.sty
Package: hyperref 2024-05-23 v7.01i Hypertext links for LaTeX
(/Users/cedric/Library/TinyTeX/texmf-dist/tex/generic/kvdefinekeys/kvdefinekeys.sty
Package: kvdefinekeys 2019-12-19 v1.6 Define keys (HO)
) (/Users/cedric/Library/TinyTeX/texmf-dist/tex/generic/pdfescape/pdfescape.sty
Package: pdfescape 2019/12/09 v1.15 Implements pdfTeX's escape features (HO)
(/Users/cedric/Library/TinyTeX/texmf-dist/tex/generic/pdftexcmds/pdftexcmds.sty
Package: pdftexcmds 2020-06-27 v0.33 Utility functions of pdfTeX for LuaTeX (HO)
(/Users/cedric/Library/TinyTeX/texmf-dist/tex/generic/infwarerr/infwarerr.sty
Package: infwarerr 2019/12/03 v1.5 Providing info/warning/error messages (HO)
)
Package pdftexcmds Info: \pdf@primitive is available.
Package pdftexcmds Info: \pdf@ifprimitive is available.
Package pdftexcmds Info: \pdfdraftmode found.
)) (/Users/cedric/Library/TinyTeX/texmf-dist/tex/latex/hycolor/hycolor.sty
Package: hycolor 2020-01-27 v1.10 Color options for hyperref/bookmark (HO)
) (/Users/cedric/Library/TinyTeX/texmf-dist/tex/latex/hyperref/nameref.sty
Package: nameref 2023-11-26 v2.56 Cross-referencing by name of section
(/Users/cedric/Library/TinyTeX/texmf-dist/tex/latex/refcount/refcount.sty
Package: refcount 2019/12/15 v3.6 Data extraction from label references (HO)
) (/Users/cedric/Library/TinyTeX/texmf-dist/tex/generic/gettitlestring/gettitlestring.sty
Package: gettitlestring 2019/12/15 v1.6 Cleanup title references (HO)
)
\c@section@level=\count303
) (/Users/cedric/Library/TinyTeX/texmf-dist/tex/generic/stringenc/stringenc.sty
Package: stringenc 2019/11/29 v1.12 Convert strings between diff. encodings (HO)
)
\@linkdim=\dimen175
\Hy@linkcounter=\count304
\Hy@pagecounter=\count305
(/Users/cedric/Library/TinyTeX/texmf-dist/tex/latex/hyperref/pd1enc.def
File: pd1enc.def 2024-05-23 v7.01i Hyperref: PDFDocEncoding definition (HO)
Now handling font encoding PD1 ...
... no UTF-8 mapping file for font encoding PD1
) (/Users/cedric/Library/TinyTeX/texmf-dist/tex/generic/intcalc/intcalc.sty
Package: intcalc 2019/12/15 v1.3 Expandable calculations with integers (HO)
)
\Hy@SavedSpaceFactor=\count306
(/Users/cedric/Library/TinyTeX/texmf-dist/tex/latex/hyperref/puenc.def
File: puenc.def 2024-05-23 v7.01i Hyperref: PDF Unicode definition (HO)
Now handling font encoding PU ...
... no UTF-8 mapping file for font encoding PU
)
Package hyperref Info: Option `unicode' set `true' on input line 4040.
Package hyperref Info: Hyper figures OFF on input line 4157.
Package hyperref Info: Link nesting OFF on input line 4162.
Package hyperref Info: Hyper index ON on input line 4165.
Package hyperref Info: Plain pages OFF on input line 4172.
Package hyperref Info: Backreferencing OFF on input line 4177.
Package hyperref Info: Implicit mode ON; LaTeX internals redefined.
Package hyperref Info: Bookmarks ON on input line 4424.
\c@Hy@tempcnt=\count307
(/Users/cedric/Library/TinyTeX/texmf-dist/tex/latex/url/url.sty
\Urlmuskip=\muskip18
Package: url 2013/09/16  ver 3.4  Verb mode for urls, etc.
)
LaTeX Info: Redefining \url on input line 4763.
\XeTeXLinkMargin=\dimen176
(/Users/cedric/Library/TinyTeX/texmf-dist/tex/generic/bitset/bitset.sty
Package: bitset 2019/12/09 v1.3 Handle bit-vector datatype (HO)
(/Users/cedric/Library/TinyTeX/texmf-dist/tex/generic/bigintcalc/bigintcalc.sty
Package: bigintcalc 2019/12/15 v1.5 Expandable calculations on big integers (HO)
))
\Fld@menulength=\count308
\Field@Width=\dimen177
\Fld@charsize=\dimen178
Package hyperref Info: Hyper figures OFF on input line 6042.
Package hyperref Info: Link nesting OFF on input line 6047.
Package hyperref Info: Hyper index ON on input line 6050.
Package hyperref Info: backreferencing OFF on input line 6057.
Package hyperref Info: Link coloring OFF on input line 6062.
Package hyperref Info: Link coloring with OCG OFF on input line 6067.
Package hyperref Info: PDF/A mode OFF on input line 6072.
(/Users/cedric/Library/TinyTeX/texmf-dist/tex/latex/base/atbegshi-ltx.sty
Package: atbegshi-ltx 2021/01/10 v1.0c Emulation of the original atbegshi
package with kernel methods
)
\Hy@abspage=\count309
\c@Item=\count310
\c@Hfootnote=\count311
)
Package hyperref Info: Driver (autodetected): hpdftex.
(/Users/cedric/Library/TinyTeX/texmf-dist/tex/latex/hyperref/hpdftex.def
File: hpdftex.def 2024-05-23 v7.01i Hyperref driver for pdfTeX
(/Users/cedric/Library/TinyTeX/texmf-dist/tex/latex/base/atveryend-ltx.sty
Package: atveryend-ltx 2020/08/19 v1.0a Emulation of the original atveryend package
with kernel methods
)
\Fld@listcount=\count312
\c@bookmark@seq@number=\count313
(/Users/cedric/Library/TinyTeX/texmf-dist/tex/latex/rerunfilecheck/rerunfilecheck.sty
Package: rerunfilecheck 2022-07-10 v1.10 Rerun checks for auxiliary files (HO)
(/Users/cedric/Library/TinyTeX/texmf-dist/tex/generic/uniquecounter/uniquecounter.sty
Package: uniquecounter 2019/12/15 v1.4 Provide unlimited unique counter (HO)
)
Package uniquecounter Info: New unique counter `rerunfilecheck' on input line 285.
)
\Hy@SectionHShift=\skip68
) (/Users/cedric/Library/TinyTeX/texmf-dist/tex/latex/float/float.sty
Package: float 2001/11/08 v1.3d Float enhancements (AL)
\c@float@type=\count314
\float@exts=\toks31
\float@box=\box108
\@float@everytoks=\toks32
\@floatcapt=\box109
) (/Users/cedric/Library/TinyTeX/texmf-dist/tex/latex/wrapfig/wrapfig.sty
\wrapoverhang=\dimen179
\WF@size=\dimen180
\c@WF@wrappedlines=\count315
\WF@box=\box110
\WF@everypar=\toks33
Package: wrapfig 2003/01/31  v 3.6
) (/Users/cedric/Library/TinyTeX/texmf-dist/tex/latex/bookmark/bookmark.sty
Package: bookmark 2023-12-10 v1.31 PDF bookmarks (HO)
(/Users/cedric/Library/TinyTeX/texmf-dist/tex/latex/bookmark/bkm-pdftex.def
File: bkm-pdftex.def 2023-12-10 v1.31 bookmark driver for pdfTeX and luaTeX (HO)
\BKM@id=\count316
))
LaTeX Font Info:    Trying to load font information for T1+lmr on input line 83.
(/Users/cedric/Library/TinyTeX/texmf-dist/tex/latex/lm/t1lmr.fd
File: t1lmr.fd 2015/05/01 v1.6.1 Font defs for Latin Modern
) (/Users/cedric/Library/TinyTeX/texmf-dist/tex/latex/l3backend/l3backend-pdftex.def
File: l3backend-pdftex.def 2024-05-08 L3 backend support: PDF output (pdfTeX)
\l__color_backend_stack_int=\count317
\l__pdf_internal_box=\box111
) (./report.aux)
\openout1 = `report.aux'.

LaTeX Font Info:    Checking defaults for OML/cmm/m/it on input line 83.
LaTeX Font Info:    ... okay on input line 83.
LaTeX Font Info:    Checking defaults for OMS/cmsy/m/n on input line 83.
LaTeX Font Info:    ... okay on input line 83.
LaTeX Font Info:    Checking defaults for OT1/cmr/m/n on input line 83.
LaTeX Font Info:    ... okay on input line 83.
LaTeX Font Info:    Checking defaults for T1/cmr/m/n on input line 83.
LaTeX Font Info:    ... okay on input line 83.
LaTeX Font Info:    Checking defaults for TS1/cmr/m/n on input line 83.
LaTeX Font Info:    ... okay on input line 83.
LaTeX Font Info:    Checking defaults for OMX/cmex/m/n on input line 83.
LaTeX Font Info:    ... okay on input line 83.
LaTeX Font Info:    Checking defaults for U/cmr/m/n on input line 83.
LaTeX Font Info:    ... okay on input line 83.
LaTeX Font Info:    Checking defaults for PD1/pdf/m/n on input line 83.
LaTeX Font Info:    ... okay on input line 83.
LaTeX Font Info:    Checking defaults for PU/pdf/m/n on input line 83.
LaTeX Font Info:    ... okay on input line 83.
LaTeX Info: Redefining \microtypecontext on input line 83.
Package microtype Info: Applying patch `item' on input line 83.
Package microtype Info: Applying patch `toc' on input line 83.
Package microtype Info: Applying patch `eqnum' on input line 83.
Package microtype Info: Applying patch `footnote' on input line 83.
Package microtype Info: Applying patch `verbatim' on input line 83.
Package microtype Info: Generating PDF output.
Package microtype Info: Character protrusion enabled (level 2).
Package microtype Info: Using protrusion set `basicmath'.
Package microtype Info: Automatic font expansion enabled (level 2),
(microtype)             stretch: 20, shrink: 20, step: 1, non-selected.
Package microtype Info: Using default expansion set `alltext-nott'.
LaTeX Info: Redefining \showhyphens on input line 83.
Package microtype Info: No adjustment of tracking.
Package microtype Info: No adjustment of interword spacing.
Package microtype Info: No adjustment of character kerning.
(/Users/cedric/Library/TinyTeX/texmf-dist/tex/latex/microtype/mt-cmr.cfg
File: mt-cmr.cfg 2013/05/19 v2.2 microtype config. file: Computer Modern Roman (RS)
) (/Users/cedric/Library/TinyTeX/texmf-dist/tex/latex/epstopdf-pkg/epstopdf-base.sty
Package: epstopdf-base 2020-01-24 v2.11 Base part for package epstopdf
Package epstopdf-base Info: Redefining graphics rule for `.eps' on input line 485.
(/Users/cedric/Library/TinyTeX/texmf-dist/tex/latex/latexconfig/epstopdf-sys.cfg
File: epstopdf-sys.cfg 2010/07/13 v1.3 Configuration of (r)epstopdf for TeX Live
))
*geometry* driver: auto-detecting
*geometry* detected driver: pdftex
*geometry* verbose mode - [ preamble ] result:
* driver: pdftex
* paper: <default>
* layout: <same size as paper>
* layoutoffset:(h,v)=(0.0pt,0.0pt)
* modes: 
* h-part:(L,W,R)=(72.26999pt, 469.75502pt, 72.26999pt)
* v-part:(T,H,B)=(72.26999pt, 650.43001pt, 72.26999pt)
* \paperwidth=614.295pt
* \paperheight=794.96999pt
* \textwidth=469.75502pt
* \textheight=650.43001pt
* \oddsidemargin=0.0pt
* \evensidemargin=0.0pt
* \topmargin=-37.0pt
* \headheight=12.0pt
* \headsep=25.0pt
* \topskip=10.0pt
* \footskip=30.0pt
* \marginparwidth=65.0pt
* \marginparsep=11.0pt
* \columnsep=10.0pt
* \skip\footins=9.0pt plus 4.0pt minus 2.0pt
* \hoffset=0.0pt
* \voffset=0.0pt
* \mag=1000
* \@twocolumnfalse
* \@twosidefalse
* \@mparswitchfalse
* \@reversemarginfalse
* (1in=72.27pt=25.4mm, 1cm=28.453pt)

Package hyperref Info: Link coloring OFF on input line 83.
LaTeX Font Info:    Trying to load font information for OT1+lmr on input line 85.
(/Users/cedric/Library/TinyTeX/texmf-dist/tex/latex/lm/ot1lmr.fd
File: ot1lmr.fd 2015/05/01 v1.6.1 Font defs for Latin Modern
)
LaTeX Font Info:    Trying to load font information for OML+lmm on input line 85.
(/Users/cedric/Library/TinyTeX/texmf-dist/tex/latex/lm/omllmm.fd
File: omllmm.fd 2015/05/01 v1.6.1 Font defs for Latin Modern
)
LaTeX Font Info:    Trying to load font information for OMS+lmsy on input line 85.
(/Users/cedric/Library/TinyTeX/texmf-dist/tex/latex/lm/omslmsy.fd
File: omslmsy.fd 2015/05/01 v1.6.1 Font defs for Latin Modern
)
LaTeX Font Info:    Trying to load font information for OMX+lmex on input line 85.
(/Users/cedric/Library/TinyTeX/texmf-dist/tex/latex/lm/omxlmex.fd
File: omxlmex.fd 2015/05/01 v1.6.1 Font defs for Latin Modern
)
LaTeX Font Info:    External font `lmex10' loaded for size
(Font)              <12> on input line 85.
LaTeX Font Info:    External font `lmex10' loaded for size
(Font)              <8> on input line 85.
LaTeX Font Info:    External font `lmex10' loaded for size
(Font)              <6> on input line 85.
LaTeX Font Info:    Trying to load font information for U+msa on input line 85.
(/Users/cedric/Library/TinyTeX/texmf-dist/tex/latex/amsfonts/umsa.fd
File: umsa.fd 2013/01/14 v3.01 AMS symbols A
) (/Users/cedric/Library/TinyTeX/texmf-dist/tex/latex/microtype/mt-msa.cfg
File: mt-msa.cfg 2006/02/04 v1.1 microtype config. file: AMS symbols (a) (RS)
)
LaTeX Font Info:    Trying to load font information for U+msb on input line 85.
(/Users/cedric/Library/TinyTeX/texmf-dist/tex/latex/amsfonts/umsb.fd
File: umsb.fd 2013/01/14 v3.01 AMS symbols B
) (/Users/cedric/Library/TinyTeX/texmf-dist/tex/latex/microtype/mt-msb.cfg
File: mt-msb.cfg 2005/06/01 v1.0 microtype config. file: AMS symbols (b) (RS)
)
<assets/torv-logo-wide.png, id=4, 738.76pt x 180.675pt>
File: assets/torv-logo-wide.png Graphic file (type png)
<use assets/torv-logo-wide.png>
Package pdftex.def Info: assets/torv-logo-wide.png  used on input line 86.
(pdftex.def)             Requested size: 469.74991pt x 114.88448pt.
<figures/headers/none_testing_executive_summary_plot.png, id=6, 404.712pt x 50.589pt>
File: figures/headers/none_testing_executive_summary_plot.png Graphic file (type png)
<use figures/headers/none_testing_executive_summary_plot.png>
Package pdftex.def Info: figures/headers/none_testing_executive_summary_plot.png  used on input line 90.
(pdftex.def)             Requested size: 404.72954pt x 50.59117pt.
LaTeX Font Info:    Trying to load font information for TS1+lmr on input line 97.
(/Users/cedric/Library/TinyTeX/texmf-dist/tex/latex/lm/ts1lmr.fd
File: ts1lmr.fd 2015/05/01 v1.6.1 Font defs for Latin Modern
)

[1

{/Users/cedric/Library/TinyTeX/texmf-var/fonts/map/pdftex/updmap/pdftex.map}{/Users/cedric/Library/TinyTeX/texmf-dist/fonts/enc/dvips/lm/lm-ec.enc}{/Users/cedric/Library/TinyTeX/texmf-dist/fonts/enc/dvips/lm/lm-ts1.enc} <./assets/torv-logo-wide.png> <./figures/headers/none_testing_executive_summary_plot.png>]

LaTeX Warning: Hyper reference `water-testing' on page 2 undefined on input line 248.

<figures/headers/turf_testing_growth_plot.png, id=30, 404.712pt x 50.589pt>
File: figures/headers/turf_testing_growth_plot.png Graphic file (type png)
<use figures/headers/turf_testing_growth_plot.png>
Package pdftex.def Info: figures/headers/turf_testing_growth_plot.png  used on input line 260.
(pdftex.def)             Requested size: 404.72954pt x 50.59117pt.


[2 <./figures/headers/turf_testing_growth_plot.png>]
<report_files/figure-latex/turf-growth-interactive-1.png, id=41, 469.755pt x 252.945pt>
File: report_files/figure-latex/turf-growth-interactive-1.png Graphic file (type png)
<use report_files/figure-latex/turf-growth-interactive-1.png>
Package pdftex.def Info: report_files/figure-latex/turf-growth-interactive-1.png  used on input line 273.
(pdftex.def)             Requested size: 469.75386pt x 252.94438pt.
<figures/headers/soil_testing_green_plot.png, id=42, 404.712pt x 50.589pt>
File: figures/headers/soil_testing_green_plot.png Graphic file (type png)
<use figures/headers/soil_testing_green_plot.png>
Package pdftex.def Info: figures/headers/soil_testing_green_plot.png  used on input line 277.
(pdftex.def)             Requested size: 404.72954pt x 50.59117pt.
<figures/soil_testing/MLSN_deficits_GREEN_plot.png, id=43, 469.755pt x 397.485pt>
File: figures/soil_testing/MLSN_deficits_GREEN_plot.png Graphic file (type png)
<use figures/soil_testing/MLSN_deficits_GREEN_plot.png>
Package pdftex.def Info: figures/soil_testing/MLSN_deficits_GREEN_plot.png  used on input line 298.
(pdftex.def)             Requested size: 469.75386pt x 397.48402pt.


[3 <./report_files/figure-latex/turf-growth-interactive-1.png> <./figures/headers/soil_testing_green_plot.png>]
LaTeX Font Info:    Calculating math sizes for size <16> on input line 324.
LaTeX Font Info:    External font `lmex10' loaded for size
(Font)              <16> on input line 324.
LaTeX Font Info:    External font `lmex10' loaded for size
(Font)              <11.19995> on input line 324.

Overfull \hbox (256.03741pt too wide) in alignment at lines 318--326
[] [] [] [] [] [] [] [] 
 []


Overfull \hbox (256.03741pt too wide) in alignment at lines 326--332
[] [] [] [] [] [] [] [] 
 []


Overfull \hbox (256.03741pt too wide) in alignment at lines 332--338
[] [] [] [] [] [] [] [] 
 []


Overfull \hbox (256.03741pt too wide) in alignment at lines 338--408
[] [] [] [] [] [] [] [] 
 []

[4 <./figures/soil_testing/MLSN_deficits_GREEN_plot.png>]
<figures/soil_testing/p_h_GREEN_plot.png, id=55, 72.27pt x 50.589pt>
File: figures/soil_testing/p_h_GREEN_plot.png Graphic file (type png)
<use figures/soil_testing/p_h_GREEN_plot.png>
Package pdftex.def Info: figures/soil_testing/p_h_GREEN_plot.png  used on input line 422.
(pdftex.def)             Requested size: 72.2731pt x 50.59117pt.
<figures/soil_testing/organic_matter_GREEN_plot.png, id=56, 72.27pt x 50.589pt>
File: figures/soil_testing/organic_matter_GREEN_plot.png Graphic file (type png)
<use figures/soil_testing/organic_matter_GREEN_plot.png>
Package pdftex.def Info: figures/soil_testing/organic_matter_GREEN_plot.png  used on input line 429.
(pdftex.def)             Requested size: 72.2731pt x 50.59117pt.
<figures/soil_testing/total_nitrogen_GREEN_plot.png, id=57, 72.27pt x 50.589pt>
File: figures/soil_testing/total_nitrogen_GREEN_plot.png Graphic file (type png)
<use figures/soil_testing/total_nitrogen_GREEN_plot.png>
Package pdftex.def Info: figures/soil_testing/total_nitrogen_GREEN_plot.png  used on input line 435.
(pdftex.def)             Requested size: 72.2731pt x 50.59117pt.
LaTeX Font Info:    External font `lmex10' loaded for size
(Font)              <10> on input line 438.
LaTeX Font Info:    External font `lmex10' loaded for size
(Font)              <7> on input line 438.
LaTeX Font Info:    External font `lmex10' loaded for size
(Font)              <5> on input line 438.
<figures/soil_testing/potassium_GREEN_plot.png, id=58, 72.27pt x 50.589pt>
File: figures/soil_testing/potassium_GREEN_plot.png Graphic file (type png)
<use figures/soil_testing/potassium_GREEN_plot.png>
Package pdftex.def Info: figures/soil_testing/potassium_GREEN_plot.png  used on input line 444.
(pdftex.def)             Requested size: 72.2731pt x 50.59117pt.
<figures/soil_testing/phosphorus_GREEN_plot.png, id=59, 72.27pt x 50.589pt>
File: figures/soil_testing/phosphorus_GREEN_plot.png Graphic file (type png)
<use figures/soil_testing/phosphorus_GREEN_plot.png>
Package pdftex.def Info: figures/soil_testing/phosphorus_GREEN_plot.png  used on input line 451.
(pdftex.def)             Requested size: 72.2731pt x 50.59117pt.
<figures/soil_testing/calcium_GREEN_plot.png, id=60, 72.27pt x 50.589pt>
File: figures/soil_testing/calcium_GREEN_plot.png Graphic file (type png)
<use figures/soil_testing/calcium_GREEN_plot.png>
Package pdftex.def Info: figures/soil_testing/calcium_GREEN_plot.png  used on input line 457.
(pdftex.def)             Requested size: 72.2731pt x 50.59117pt.


[5 <./figures/soil_testing/p_h_GREEN_plot.png> <./figures/soil_testing/organic_matter_GREEN_plot.png> <./figures/soil_testing/total_nitrogen_GREEN_plot.png> <./figures/soil_testing/potassium_GREEN_plot.png> <./figures/soil_testing/phosphorus_GREEN_plot.png>]
<figures/soil_testing/magnesium_GREEN_plot.png, id=67, 72.27pt x 50.589pt>
File: figures/soil_testing/magnesium_GREEN_plot.png Graphic file (type png)
<use figures/soil_testing/magnesium_GREEN_plot.png>
Package pdftex.def Info: figures/soil_testing/magnesium_GREEN_plot.png  used on input line 463.
(pdftex.def)             Requested size: 72.2731pt x 50.59117pt.
<figures/soil_testing/sodium_GREEN_plot.png, id=68, 72.27pt x 50.589pt>
File: figures/soil_testing/sodium_GREEN_plot.png Graphic file (type png)
<use figures/soil_testing/sodium_GREEN_plot.png>
Package pdftex.def Info: figures/soil_testing/sodium_GREEN_plot.png  used on input line 469.
(pdftex.def)             Requested size: 72.2731pt x 50.59117pt.
<figures/soil_testing/sulfur_GREEN_plot.png, id=69, 72.27pt x 50.589pt>
File: figures/soil_testing/sulfur_GREEN_plot.png Graphic file (type png)
<use figures/soil_testing/sulfur_GREEN_plot.png>
Package pdftex.def Info: figures/soil_testing/sulfur_GREEN_plot.png  used on input line 474.
(pdftex.def)             Requested size: 72.2731pt x 50.59117pt.
<figures/soil_testing/iron_GREEN_plot.png, id=70, 72.27pt x 50.589pt>
File: figures/soil_testing/iron_GREEN_plot.png Graphic file (type png)
<use figures/soil_testing/iron_GREEN_plot.png>
Package pdftex.def Info: figures/soil_testing/iron_GREEN_plot.png  used on input line 480.
(pdftex.def)             Requested size: 72.2731pt x 50.59117pt.
<figures/soil_testing/manganese_GREEN_plot.png, id=71, 72.27pt x 50.589pt>
File: figures/soil_testing/manganese_GREEN_plot.png Graphic file (type png)
<use figures/soil_testing/manganese_GREEN_plot.png>
Package pdftex.def Info: figures/soil_testing/manganese_GREEN_plot.png  used on input line 486.
(pdftex.def)             Requested size: 72.2731pt x 50.59117pt.
<figures/soil_testing/micronutrients_GREEN_plot.png, id=72, 72.27pt x 50.589pt>
File: figures/soil_testing/micronutrients_GREEN_plot.png Graphic file (type png)
<use figures/soil_testing/micronutrients_GREEN_plot.png>
Package pdftex.def Info: figures/soil_testing/micronutrients_GREEN_plot.png  used on input line 492.
(pdftex.def)             Requested size: 72.2731pt x 50.59117pt.
<figures/headers/soil_testing_green_trends_plot.png, id=73, 404.712pt x 50.589pt>
File: figures/headers/soil_testing_green_trends_plot.png Graphic file (type png)
<use figures/headers/soil_testing_green_trends_plot.png>
Package pdftex.def Info: figures/headers/soil_testing_green_trends_plot.png  used on input line 497.
(pdftex.def)             Requested size: 404.72954pt x 50.59117pt.


[6 <./figures/soil_testing/calcium_GREEN_plot.png> <./figures/soil_testing/magnesium_GREEN_plot.png> <./figures/soil_testing/sodium_GREEN_plot.png> <./figures/soil_testing/sulfur_GREEN_plot.png> <./figures/soil_testing/iron_GREEN_plot.png> <./figures/soil_testing/manganese_GREEN_plot.png> <./figures/soil_testing/micronutrients_GREEN_plot.png>]
<report_files/figure-latex/unnamed-chunk-152-1.png, id=78, 491.436pt x 469.755pt>
File: report_files/figure-latex/unnamed-chunk-152-1.png Graphic file (type png)
<use report_files/figure-latex/unnamed-chunk-152-1.png>
Package pdftex.def Info: report_files/figure-latex/unnamed-chunk-152-1.png  used on input line 499.
(pdftex.def)             Requested size: 469.77855pt x 449.05302pt.
<report_files/figure-latex/unnamed-chunk-153-1.png, id=80, 180.675pt x 144.54pt>
File: report_files/figure-latex/unnamed-chunk-153-1.png Graphic file (type png)
<use report_files/figure-latex/unnamed-chunk-153-1.png>
Package pdftex.def Info: report_files/figure-latex/unnamed-chunk-153-1.png  used on input line 507.
(pdftex.def)             Requested size: 180.68282pt x 144.54623pt.


[7 <./figures/headers/soil_testing_green_trends_plot.png> <./report_files/figure-latex/unnamed-chunk-152-1.png>]
<figures/headers/soil_testing_tee_plot.png, id=87, 404.712pt x 50.589pt>
File: figures/headers/soil_testing_tee_plot.png Graphic file (type png)
<use figures/headers/soil_testing_tee_plot.png>
Package pdftex.def Info: figures/headers/soil_testing_tee_plot.png  used on input line 511.
(pdftex.def)             Requested size: 404.72954pt x 50.59117pt.
<figures/soil_testing/MLSN_deficits_TEE_plot.png, id=88, 469.755pt x 397.485pt>
File: figures/soil_testing/MLSN_deficits_TEE_plot.png Graphic file (type png)
<use figures/soil_testing/MLSN_deficits_TEE_plot.png>
Package pdftex.def Info: figures/soil_testing/MLSN_deficits_TEE_plot.png  used on input line 532.
(pdftex.def)             Requested size: 469.75386pt x 397.48402pt.


[8 <./report_files/figure-latex/unnamed-chunk-153-1.png> <./figures/headers/soil_testing_tee_plot.png>]
Overfull \hbox (256.03741pt too wide) in alignment at lines 552--560
[] [] [] [] [] [] [] [] 
 []


Overfull \hbox (256.03741pt too wide) in alignment at lines 560--566
[] [] [] [] [] [] [] [] 
 []


Overfull \hbox (256.03741pt too wide) in alignment at lines 566--572
[] [] [] [] [] [] [] [] 
 []


Overfull \hbox (256.03741pt too wide) in alignment at lines 572--636
[] [] [] [] [] [] [] [] 
 []

[9 <./figures/soil_testing/MLSN_deficits_TEE_plot.png>]
<figures/soil_testing/p_h_TEE_plot.png, id=99, 72.27pt x 50.589pt>
File: figures/soil_testing/p_h_TEE_plot.png Graphic file (type png)
<use figures/soil_testing/p_h_TEE_plot.png>
Package pdftex.def Info: figures/soil_testing/p_h_TEE_plot.png  used on input line 650.
(pdftex.def)             Requested size: 72.2731pt x 50.59117pt.
<figures/soil_testing/organic_matter_TEE_plot.png, id=100, 72.27pt x 50.589pt>
File: figures/soil_testing/organic_matter_TEE_plot.png Graphic file (type png)
<use figures/soil_testing/organic_matter_TEE_plot.png>
Package pdftex.def Info: figures/soil_testing/organic_matter_TEE_plot.png  used on input line 657.
(pdftex.def)             Requested size: 72.2731pt x 50.59117pt.
<figures/soil_testing/total_nitrogen_TEE_plot.png, id=101, 72.27pt x 50.589pt>
File: figures/soil_testing/total_nitrogen_TEE_plot.png Graphic file (type png)
<use figures/soil_testing/total_nitrogen_TEE_plot.png>
Package pdftex.def Info: figures/soil_testing/total_nitrogen_TEE_plot.png  used on input line 663.
(pdftex.def)             Requested size: 72.2731pt x 50.59117pt.
<figures/soil_testing/potassium_TEE_plot.png, id=102, 72.27pt x 50.589pt>
File: figures/soil_testing/potassium_TEE_plot.png Graphic file (type png)
<use figures/soil_testing/potassium_TEE_plot.png>
Package pdftex.def Info: figures/soil_testing/potassium_TEE_plot.png  used on input line 672.
(pdftex.def)             Requested size: 72.2731pt x 50.59117pt.
<figures/soil_testing/phosphorus_TEE_plot.png, id=103, 72.27pt x 50.589pt>
File: figures/soil_testing/phosphorus_TEE_plot.png Graphic file (type png)
<use figures/soil_testing/phosphorus_TEE_plot.png>
Package pdftex.def Info: figures/soil_testing/phosphorus_TEE_plot.png  used on input line 679.
(pdftex.def)             Requested size: 72.2731pt x 50.59117pt.
<figures/soil_testing/calcium_TEE_plot.png, id=104, 72.27pt x 50.589pt>
File: figures/soil_testing/calcium_TEE_plot.png Graphic file (type png)
<use figures/soil_testing/calcium_TEE_plot.png>
Package pdftex.def Info: figures/soil_testing/calcium_TEE_plot.png  used on input line 685.
(pdftex.def)             Requested size: 72.2731pt x 50.59117pt.


[10 <./figures/soil_testing/p_h_TEE_plot.png> <./figures/soil_testing/organic_matter_TEE_plot.png> <./figures/soil_testing/total_nitrogen_TEE_plot.png> <./figures/soil_testing/potassium_TEE_plot.png> <./figures/soil_testing/phosphorus_TEE_plot.png>]
<figures/soil_testing/magnesium_TEE_plot.png, id=109, 72.27pt x 50.589pt>
File: figures/soil_testing/magnesium_TEE_plot.png Graphic file (type png)
<use figures/soil_testing/magnesium_TEE_plot.png>
Package pdftex.def Info: figures/soil_testing/magnesium_TEE_plot.png  used on input line 691.
(pdftex.def)             Requested size: 72.2731pt x 50.59117pt.
<figures/soil_testing/sodium_TEE_plot.png, id=110, 72.27pt x 50.589pt>
File: figures/soil_testing/sodium_TEE_plot.png Graphic file (type png)
<use figures/soil_testing/sodium_TEE_plot.png>
Package pdftex.def Info: figures/soil_testing/sodium_TEE_plot.png  used on input line 697.
(pdftex.def)             Requested size: 72.2731pt x 50.59117pt.
<figures/soil_testing/sulfur_TEE_plot.png, id=111, 72.27pt x 50.589pt>
File: figures/soil_testing/sulfur_TEE_plot.png Graphic file (type png)
<use figures/soil_testing/sulfur_TEE_plot.png>
Package pdftex.def Info: figures/soil_testing/sulfur_TEE_plot.png  used on input line 702.
(pdftex.def)             Requested size: 72.2731pt x 50.59117pt.
<figures/soil_testing/iron_TEE_plot.png, id=112, 72.27pt x 50.589pt>
File: figures/soil_testing/iron_TEE_plot.png Graphic file (type png)
<use figures/soil_testing/iron_TEE_plot.png>
Package pdftex.def Info: figures/soil_testing/iron_TEE_plot.png  used on input line 708.
(pdftex.def)             Requested size: 72.2731pt x 50.59117pt.
<figures/soil_testing/manganese_TEE_plot.png, id=113, 72.27pt x 50.589pt>
File: figures/soil_testing/manganese_TEE_plot.png Graphic file (type png)
<use figures/soil_testing/manganese_TEE_plot.png>
Package pdftex.def Info: figures/soil_testing/manganese_TEE_plot.png  used on input line 714.
(pdftex.def)             Requested size: 72.2731pt x 50.59117pt.
<figures/soil_testing/micronutrients_TEE_plot.png, id=114, 72.27pt x 50.589pt>
File: figures/soil_testing/micronutrients_TEE_plot.png Graphic file (type png)
<use figures/soil_testing/micronutrients_TEE_plot.png>
Package pdftex.def Info: figures/soil_testing/micronutrients_TEE_plot.png  used on input line 720.
(pdftex.def)             Requested size: 72.2731pt x 50.59117pt.
<figures/headers/soil_testing_tee_trends_plot.png, id=115, 404.712pt x 50.589pt>
File: figures/headers/soil_testing_tee_trends_plot.png Graphic file (type png)
<use figures/headers/soil_testing_tee_trends_plot.png>
Package pdftex.def Info: figures/headers/soil_testing_tee_trends_plot.png  used on input line 725.
(pdftex.def)             Requested size: 404.72954pt x 50.59117pt.


[11 <./figures/soil_testing/calcium_TEE_plot.png> <./figures/soil_testing/magnesium_TEE_plot.png> <./figures/soil_testing/sodium_TEE_plot.png> <./figures/soil_testing/sulfur_TEE_plot.png> <./figures/soil_testing/iron_TEE_plot.png> <./figures/soil_testing/manganese_TEE_plot.png> <./figures/soil_testing/micronutrients_TEE_plot.png>]
<report_files/figure-latex/unnamed-chunk-264-1.png, id=120, 491.436pt x 469.755pt>
File: report_files/figure-latex/unnamed-chunk-264-1.png Graphic file (type png)
<use report_files/figure-latex/unnamed-chunk-264-1.png>
Package pdftex.def Info: report_files/figure-latex/unnamed-chunk-264-1.png  used on input line 727.
(pdftex.def)             Requested size: 469.77855pt x 449.05302pt.
<report_files/figure-latex/unnamed-chunk-265-1.png, id=122, 180.675pt x 144.54pt>
File: report_files/figure-latex/unnamed-chunk-265-1.png Graphic file (type png)
<use report_files/figure-latex/unnamed-chunk-265-1.png>
Package pdftex.def Info: report_files/figure-latex/unnamed-chunk-265-1.png  used on input line 735.
(pdftex.def)             Requested size: 180.68282pt x 144.54623pt.


[12 <./figures/headers/soil_testing_tee_trends_plot.png> <./report_files/figure-latex/unnamed-chunk-264-1.png>]
<figures/headers/soil_testing_fairway_plot.png, id=127, 404.712pt x 50.589pt>
File: figures/headers/soil_testing_fairway_plot.png Graphic file (type png)
<use figures/headers/soil_testing_fairway_plot.png>
Package pdftex.def Info: figures/headers/soil_testing_fairway_plot.png  used on input line 739.
(pdftex.def)             Requested size: 404.72954pt x 50.59117pt.
<figures/soil_testing/MLSN_deficits_FAIRWAY_plot.png, id=128, 469.755pt x 397.485pt>
File: figures/soil_testing/MLSN_deficits_FAIRWAY_plot.png Graphic file (type png)
<use figures/soil_testing/MLSN_deficits_FAIRWAY_plot.png>
Package pdftex.def Info: figures/soil_testing/MLSN_deficits_FAIRWAY_plot.png  used on input line 761.
(pdftex.def)             Requested size: 469.75386pt x 397.48402pt.


[13 <./report_files/figure-latex/unnamed-chunk-265-1.png> <./figures/headers/soil_testing_fairway_plot.png>]
Overfull \hbox (256.03741pt too wide) in alignment at lines 781--789
[] [] [] [] [] [] [] [] 
 []


Overfull \hbox (256.03741pt too wide) in alignment at lines 789--795
[] [] [] [] [] [] [] [] 
 []


Overfull \hbox (256.03741pt too wide) in alignment at lines 795--801
[] [] [] [] [] [] [] [] 
 []


Overfull \hbox (256.03741pt too wide) in alignment at lines 801--865
[] [] [] [] [] [] [] [] 
 []

[14 <./figures/soil_testing/MLSN_deficits_FAIRWAY_plot.png>]
<figures/soil_testing/p_h_FAIRWAY_plot.png, id=140, 72.27pt x 50.589pt>
File: figures/soil_testing/p_h_FAIRWAY_plot.png Graphic file (type png)
<use figures/soil_testing/p_h_FAIRWAY_plot.png>
Package pdftex.def Info: figures/soil_testing/p_h_FAIRWAY_plot.png  used on input line 879.
(pdftex.def)             Requested size: 72.2731pt x 50.59117pt.
<figures/soil_testing/organic_matter_FAIRWAY_plot.png, id=141, 72.27pt x 50.589pt>
File: figures/soil_testing/organic_matter_FAIRWAY_plot.png Graphic file (type png)
<use figures/soil_testing/organic_matter_FAIRWAY_plot.png>
Package pdftex.def Info: figures/soil_testing/organic_matter_FAIRWAY_plot.png  used on input line 886.
(pdftex.def)             Requested size: 72.2731pt x 50.59117pt.
<figures/soil_testing/total_nitrogen_FAIRWAY_plot.png, id=142, 72.27pt x 50.589pt>
File: figures/soil_testing/total_nitrogen_FAIRWAY_plot.png Graphic file (type png)
<use figures/soil_testing/total_nitrogen_FAIRWAY_plot.png>
Package pdftex.def Info: figures/soil_testing/total_nitrogen_FAIRWAY_plot.png  used on input line 892.
(pdftex.def)             Requested size: 72.2731pt x 50.59117pt.
<figures/soil_testing/potassium_FAIRWAY_plot.png, id=143, 72.27pt x 50.589pt>
File: figures/soil_testing/potassium_FAIRWAY_plot.png Graphic file (type png)
<use figures/soil_testing/potassium_FAIRWAY_plot.png>
Package pdftex.def Info: figures/soil_testing/potassium_FAIRWAY_plot.png  used on input line 901.
(pdftex.def)             Requested size: 72.2731pt x 50.59117pt.
<figures/soil_testing/phosphorus_FAIRWAY_plot.png, id=144, 72.27pt x 50.589pt>
File: figures/soil_testing/phosphorus_FAIRWAY_plot.png Graphic file (type png)
<use figures/soil_testing/phosphorus_FAIRWAY_plot.png>
Package pdftex.def Info: figures/soil_testing/phosphorus_FAIRWAY_plot.png  used on input line 907.
(pdftex.def)             Requested size: 72.2731pt x 50.59117pt.
<figures/soil_testing/calcium_FAIRWAY_plot.png, id=145, 72.27pt x 50.589pt>
File: figures/soil_testing/calcium_FAIRWAY_plot.png Graphic file (type png)
<use figures/soil_testing/calcium_FAIRWAY_plot.png>
Package pdftex.def Info: figures/soil_testing/calcium_FAIRWAY_plot.png  used on input line 913.
(pdftex.def)             Requested size: 72.2731pt x 50.59117pt.


[15 <./figures/soil_testing/p_h_FAIRWAY_plot.png> <./figures/soil_testing/organic_matter_FAIRWAY_plot.png> <./figures/soil_testing/total_nitrogen_FAIRWAY_plot.png> <./figures/soil_testing/potassium_FAIRWAY_plot.png> <./figures/soil_testing/phosphorus_FAIRWAY_plot.png>]
<figures/soil_testing/magnesium_FAIRWAY_plot.png, id=150, 72.27pt x 50.589pt>
File: figures/soil_testing/magnesium_FAIRWAY_plot.png Graphic file (type png)
<use figures/soil_testing/magnesium_FAIRWAY_plot.png>
Package pdftex.def Info: figures/soil_testing/magnesium_FAIRWAY_plot.png  used on input line 919.
(pdftex.def)             Requested size: 72.2731pt x 50.59117pt.
<figures/soil_testing/sodium_FAIRWAY_plot.png, id=151, 72.27pt x 50.589pt>
File: figures/soil_testing/sodium_FAIRWAY_plot.png Graphic file (type png)
<use figures/soil_testing/sodium_FAIRWAY_plot.png>
Package pdftex.def Info: figures/soil_testing/sodium_FAIRWAY_plot.png  used on input line 925.
(pdftex.def)             Requested size: 72.2731pt x 50.59117pt.
<figures/soil_testing/sulfur_FAIRWAY_plot.png, id=152, 72.27pt x 50.589pt>
File: figures/soil_testing/sulfur_FAIRWAY_plot.png Graphic file (type png)
<use figures/soil_testing/sulfur_FAIRWAY_plot.png>
Package pdftex.def Info: figures/soil_testing/sulfur_FAIRWAY_plot.png  used on input line 930.
(pdftex.def)             Requested size: 72.2731pt x 50.59117pt.
<figures/soil_testing/iron_FAIRWAY_plot.png, id=153, 72.27pt x 50.589pt>
File: figures/soil_testing/iron_FAIRWAY_plot.png Graphic file (type png)
<use figures/soil_testing/iron_FAIRWAY_plot.png>
Package pdftex.def Info: figures/soil_testing/iron_FAIRWAY_plot.png  used on input line 936.
(pdftex.def)             Requested size: 72.2731pt x 50.59117pt.
<figures/soil_testing/manganese_FAIRWAY_plot.png, id=154, 72.27pt x 50.589pt>
File: figures/soil_testing/manganese_FAIRWAY_plot.png Graphic file (type png)
<use figures/soil_testing/manganese_FAIRWAY_plot.png>
Package pdftex.def Info: figures/soil_testing/manganese_FAIRWAY_plot.png  used on input line 942.
(pdftex.def)             Requested size: 72.2731pt x 50.59117pt.
<figures/soil_testing/micronutrients_FAIRWAY_plot.png, id=155, 72.27pt x 50.589pt>
File: figures/soil_testing/micronutrients_FAIRWAY_plot.png Graphic file (type png)
<use figures/soil_testing/micronutrients_FAIRWAY_plot.png>
Package pdftex.def Info: figures/soil_testing/micronutrients_FAIRWAY_plot.png  used on input line 948.
(pdftex.def)             Requested size: 72.2731pt x 50.59117pt.
<figures/headers/soil_testing_fairway_trends_plot.png, id=156, 404.712pt x 50.589pt>
File: figures/headers/soil_testing_fairway_trends_plot.png Graphic file (type png)
<use figures/headers/soil_testing_fairway_trends_plot.png>
Package pdftex.def Info: figures/headers/soil_testing_fairway_trends_plot.png  used on input line 953.
(pdftex.def)             Requested size: 404.72954pt x 50.59117pt.


[16 <./figures/soil_testing/calcium_FAIRWAY_plot.png> <./figures/soil_testing/magnesium_FAIRWAY_plot.png> <./figures/soil_testing/sodium_FAIRWAY_plot.png> <./figures/soil_testing/sulfur_FAIRWAY_plot.png> <./figures/soil_testing/iron_FAIRWAY_plot.png> <./figures/soil_testing/manganese_FAIRWAY_plot.png> <./figures/soil_testing/micronutrients_FAIRWAY_plot.png>]
<report_files/figure-latex/unnamed-chunk-376-1.png, id=161, 491.436pt x 469.755pt>
File: report_files/figure-latex/unnamed-chunk-376-1.png Graphic file (type png)
<use report_files/figure-latex/unnamed-chunk-376-1.png>
Package pdftex.def Info: report_files/figure-latex/unnamed-chunk-376-1.png  used on input line 955.
(pdftex.def)             Requested size: 469.77855pt x 449.05302pt.
<report_files/figure-latex/unnamed-chunk-377-1.png, id=163, 180.675pt x 144.54pt>
File: report_files/figure-latex/unnamed-chunk-377-1.png Graphic file (type png)
<use report_files/figure-latex/unnamed-chunk-377-1.png>
Package pdftex.def Info: report_files/figure-latex/unnamed-chunk-377-1.png  used on input line 963.
(pdftex.def)             Requested size: 180.68282pt x 144.54623pt.


[17 <./figures/headers/soil_testing_fairway_trends_plot.png> <./report_files/figure-latex/unnamed-chunk-376-1.png>]
<figures/headers/soil_testing_rough_plot.png, id=168, 404.712pt x 50.589pt>
File: figures/headers/soil_testing_rough_plot.png Graphic file (type png)
<use figures/headers/soil_testing_rough_plot.png>
Package pdftex.def Info: figures/headers/soil_testing_rough_plot.png  used on input line 967.
(pdftex.def)             Requested size: 404.72954pt x 50.59117pt.
<figures/soil_testing/MLSN_deficits_ROUGH_plot.png, id=169, 469.755pt x 397.485pt>
File: figures/soil_testing/MLSN_deficits_ROUGH_plot.png Graphic file (type png)
<use figures/soil_testing/MLSN_deficits_ROUGH_plot.png>
Package pdftex.def Info: figures/soil_testing/MLSN_deficits_ROUGH_plot.png  used on input line 988.
(pdftex.def)             Requested size: 469.75386pt x 397.48402pt.


[18 <./report_files/figure-latex/unnamed-chunk-377-1.png> <./figures/headers/soil_testing_rough_plot.png>]
Overfull \hbox (256.03741pt too wide) in alignment at lines 1008--1016
[] [] [] [] [] [] [] [] 
 []


Overfull \hbox (256.03741pt too wide) in alignment at lines 1016--1022
[] [] [] [] [] [] [] [] 
 []


Overfull \hbox (256.03741pt too wide) in alignment at lines 1022--1028
[] [] [] [] [] [] [] [] 
 []


Overfull \hbox (256.03741pt too wide) in alignment at lines 1028--1056
[] [] [] [] [] [] [] [] 
 []

<figures/soil_testing/p_h_ROUGH_plot.png, id=175, 72.27pt x 50.589pt>
File: figures/soil_testing/p_h_ROUGH_plot.png Graphic file (type png)
<use figures/soil_testing/p_h_ROUGH_plot.png>
Package pdftex.def Info: figures/soil_testing/p_h_ROUGH_plot.png  used on input line 1070.
(pdftex.def)             Requested size: 72.2731pt x 50.59117pt.


[19 <./figures/soil_testing/MLSN_deficits_ROUGH_plot.png>]
<figures/soil_testing/organic_matter_ROUGH_plot.png, id=182, 72.27pt x 50.589pt>
File: figures/soil_testing/organic_matter_ROUGH_plot.png Graphic file (type png)
<use figures/soil_testing/organic_matter_ROUGH_plot.png>
Package pdftex.def Info: figures/soil_testing/organic_matter_ROUGH_plot.png  used on input line 1077.
(pdftex.def)             Requested size: 72.2731pt x 50.59117pt.
<figures/soil_testing/total_nitrogen_ROUGH_plot.png, id=183, 72.27pt x 50.589pt>
File: figures/soil_testing/total_nitrogen_ROUGH_plot.png Graphic file (type png)
<use figures/soil_testing/total_nitrogen_ROUGH_plot.png>
Package pdftex.def Info: figures/soil_testing/total_nitrogen_ROUGH_plot.png  used on input line 1082.
(pdftex.def)             Requested size: 72.2731pt x 50.59117pt.
<figures/soil_testing/potassium_ROUGH_plot.png, id=184, 72.27pt x 50.589pt>
File: figures/soil_testing/potassium_ROUGH_plot.png Graphic file (type png)
<use figures/soil_testing/potassium_ROUGH_plot.png>
Package pdftex.def Info: figures/soil_testing/potassium_ROUGH_plot.png  used on input line 1091.
(pdftex.def)             Requested size: 72.2731pt x 50.59117pt.
<figures/soil_testing/phosphorus_ROUGH_plot.png, id=185, 72.27pt x 50.589pt>
File: figures/soil_testing/phosphorus_ROUGH_plot.png Graphic file (type png)
<use figures/soil_testing/phosphorus_ROUGH_plot.png>
Package pdftex.def Info: figures/soil_testing/phosphorus_ROUGH_plot.png  used on input line 1097.
(pdftex.def)             Requested size: 72.2731pt x 50.59117pt.
<figures/soil_testing/calcium_ROUGH_plot.png, id=186, 72.27pt x 50.589pt>
File: figures/soil_testing/calcium_ROUGH_plot.png Graphic file (type png)
<use figures/soil_testing/calcium_ROUGH_plot.png>
Package pdftex.def Info: figures/soil_testing/calcium_ROUGH_plot.png  used on input line 1103.
(pdftex.def)             Requested size: 72.2731pt x 50.59117pt.
<figures/soil_testing/magnesium_ROUGH_plot.png, id=187, 72.27pt x 50.589pt>
File: figures/soil_testing/magnesium_ROUGH_plot.png Graphic file (type png)
<use figures/soil_testing/magnesium_ROUGH_plot.png>
Package pdftex.def Info: figures/soil_testing/magnesium_ROUGH_plot.png  used on input line 1109.
(pdftex.def)             Requested size: 72.2731pt x 50.59117pt.
<figures/soil_testing/sodium_ROUGH_plot.png, id=188, 72.27pt x 50.589pt>
File: figures/soil_testing/sodium_ROUGH_plot.png Graphic file (type png)
<use figures/soil_testing/sodium_ROUGH_plot.png>
Package pdftex.def Info: figures/soil_testing/sodium_ROUGH_plot.png  used on input line 1115.
(pdftex.def)             Requested size: 72.2731pt x 50.59117pt.


[20 <./figures/soil_testing/p_h_ROUGH_plot.png> <./figures/soil_testing/organic_matter_ROUGH_plot.png> <./figures/soil_testing/total_nitrogen_ROUGH_plot.png> <./figures/soil_testing/potassium_ROUGH_plot.png> <./figures/soil_testing/phosphorus_ROUGH_plot.png> <./figures/soil_testing/calcium_ROUGH_plot.png> <./figures/soil_testing/magnesium_ROUGH_plot.png>]
<figures/soil_testing/sulfur_ROUGH_plot.png, id=193, 72.27pt x 50.589pt>
File: figures/soil_testing/sulfur_ROUGH_plot.png Graphic file (type png)
<use figures/soil_testing/sulfur_ROUGH_plot.png>
Package pdftex.def Info: figures/soil_testing/sulfur_ROUGH_plot.png  used on input line 1120.
(pdftex.def)             Requested size: 72.2731pt x 50.59117pt.
<figures/soil_testing/iron_ROUGH_plot.png, id=194, 72.27pt x 50.589pt>
File: figures/soil_testing/iron_ROUGH_plot.png Graphic file (type png)
<use figures/soil_testing/iron_ROUGH_plot.png>
Package pdftex.def Info: figures/soil_testing/iron_ROUGH_plot.png  used on input line 1126.
(pdftex.def)             Requested size: 72.2731pt x 50.59117pt.
<figures/soil_testing/manganese_ROUGH_plot.png, id=195, 72.27pt x 50.589pt>
File: figures/soil_testing/manganese_ROUGH_plot.png Graphic file (type png)
<use figures/soil_testing/manganese_ROUGH_plot.png>
Package pdftex.def Info: figures/soil_testing/manganese_ROUGH_plot.png  used on input line 1132.
(pdftex.def)             Requested size: 72.2731pt x 50.59117pt.
<figures/soil_testing/micronutrients_ROUGH_plot.png, id=196, 72.27pt x 50.589pt>
File: figures/soil_testing/micronutrients_ROUGH_plot.png Graphic file (type png)
<use figures/soil_testing/micronutrients_ROUGH_plot.png>
Package pdftex.def Info: figures/soil_testing/micronutrients_ROUGH_plot.png  used on input line 1138.
(pdftex.def)             Requested size: 72.2731pt x 50.59117pt.
<figures/headers/soil_testing_rough_trends_plot.png, id=197, 404.712pt x 50.589pt>
File: figures/headers/soil_testing_rough_trends_plot.png Graphic file (type png)
<use figures/headers/soil_testing_rough_trends_plot.png>
Package pdftex.def Info: figures/headers/soil_testing_rough_trends_plot.png  used on input line 1143.
(pdftex.def)             Requested size: 404.72954pt x 50.59117pt.
<report_files/figure-latex/unnamed-chunk-488-1.png, id=198, 491.436pt x 469.755pt>
File: report_files/figure-latex/unnamed-chunk-488-1.png Graphic file (type png)
<use report_files/figure-latex/unnamed-chunk-488-1.png>
Package pdftex.def Info: report_files/figure-latex/unnamed-chunk-488-1.png  used on input line 1145.
(pdftex.def)             Requested size: 469.77855pt x 449.05302pt.


[21 <./figures/soil_testing/sodium_ROUGH_plot.png> <./figures/soil_testing/sulfur_ROUGH_plot.png> <./figures/soil_testing/iron_ROUGH_plot.png> <./figures/soil_testing/manganese_ROUGH_plot.png> <./figures/soil_testing/micronutrients_ROUGH_plot.png> <./figures/headers/soil_testing_rough_trends_plot.png>]
<report_files/figure-latex/unnamed-chunk-489-1.png, id=204, 180.675pt x 144.54pt>
File: report_files/figure-latex/unnamed-chunk-489-1.png Graphic file (type png)
<use report_files/figure-latex/unnamed-chunk-489-1.png>
Package pdftex.def Info: report_files/figure-latex/unnamed-chunk-489-1.png  used on input line 1153.
(pdftex.def)             Requested size: 180.68282pt x 144.54623pt.
<figures/headers/om_testing_green_plot.png, id=205, 404.712pt x 50.589pt>
File: figures/headers/om_testing_green_plot.png Graphic file (type png)
<use figures/headers/om_testing_green_plot.png>
Package pdftex.def Info: figures/headers/om_testing_green_plot.png  used on input line 1157.
(pdftex.def)             Requested size: 404.72954pt x 50.59117pt.


[22 <./report_files/figure-latex/unnamed-chunk-488-1.png> <./report_files/figure-latex/unnamed-chunk-489-1.png>]
<report_files/figure-latex/unnamed-chunk-497-1.png, id=210, 491.436pt x 180.675pt>
File: report_files/figure-latex/unnamed-chunk-497-1.png Graphic file (type png)
<use report_files/figure-latex/unnamed-chunk-497-1.png>
Package pdftex.def Info: report_files/figure-latex/unnamed-chunk-497-1.png  used on input line 1171.
(pdftex.def)             Requested size: 469.77855pt x 172.71268pt.
<report_files/figure-latex/unnamed-chunk-498-1.png, id=212, 180.675pt x 144.54pt>
File: report_files/figure-latex/unnamed-chunk-498-1.png Graphic file (type png)
<use report_files/figure-latex/unnamed-chunk-498-1.png>
Package pdftex.def Info: report_files/figure-latex/unnamed-chunk-498-1.png  used on input line 1179.
(pdftex.def)             Requested size: 180.68282pt x 144.54623pt.

Overfull \hbox (140.40489pt too wide) in alignment at lines 1193--1203
[] [] [] [] [] [] [] [] 
 []


Overfull \hbox (140.40489pt too wide) in alignment at lines 1203--1211
[] [] [] [] [] [] [] [] 
 []


Overfull \hbox (140.40489pt too wide) in alignment at lines 1211--1239
[] [] [] [] [] [] [] [] 
 []

<figures/headers/om_testing_tee_plot.png, id=213, 404.712pt x 50.589pt>
File: figures/headers/om_testing_tee_plot.png Graphic file (type png)
<use figures/headers/om_testing_tee_plot.png>
Package pdftex.def Info: figures/headers/om_testing_tee_plot.png  used on input line 1253.
(pdftex.def)             Requested size: 404.72954pt x 50.59117pt.


[23 <./figures/headers/om_testing_green_plot.png> <./report_files/figure-latex/unnamed-chunk-497-1.png> <./report_files/figure-latex/unnamed-chunk-498-1.png>]
<report_files/figure-latex/unnamed-chunk-502-1.png, id=220, 491.436pt x 180.675pt>
File: report_files/figure-latex/unnamed-chunk-502-1.png Graphic file (type png)
<use report_files/figure-latex/unnamed-chunk-502-1.png>
Package pdftex.def Info: report_files/figure-latex/unnamed-chunk-502-1.png  used on input line 1267.
(pdftex.def)             Requested size: 469.77855pt x 172.71268pt.
<report_files/figure-latex/unnamed-chunk-503-1.png, id=222, 180.675pt x 144.54pt>
File: report_files/figure-latex/unnamed-chunk-503-1.png Graphic file (type png)
<use report_files/figure-latex/unnamed-chunk-503-1.png>
Package pdftex.def Info: report_files/figure-latex/unnamed-chunk-503-1.png  used on input line 1275.
(pdftex.def)             Requested size: 180.68282pt x 144.54623pt.

Overfull \hbox (140.40489pt too wide) in alignment at lines 1289--1299
[] [] [] [] [] [] [] [] 
 []


Overfull \hbox (140.40489pt too wide) in alignment at lines 1299--1307
[] [] [] [] [] [] [] [] 
 []


Overfull \hbox (140.40489pt too wide) in alignment at lines 1307--1335
[] [] [] [] [] [] [] [] 
 []

<figures/headers/om_testing_rough_plot.png, id=223, 404.712pt x 50.589pt>
File: figures/headers/om_testing_rough_plot.png Graphic file (type png)
<use figures/headers/om_testing_rough_plot.png>
Package pdftex.def Info: figures/headers/om_testing_rough_plot.png  used on input line 1349.
(pdftex.def)             Requested size: 404.72954pt x 50.59117pt.


[24 <./figures/headers/om_testing_tee_plot.png> <./report_files/figure-latex/unnamed-chunk-502-1.png> <./report_files/figure-latex/unnamed-chunk-503-1.png>]
<report_files/figure-latex/unnamed-chunk-507-1.png, id=230, 491.436pt x 180.675pt>
File: report_files/figure-latex/unnamed-chunk-507-1.png Graphic file (type png)
<use report_files/figure-latex/unnamed-chunk-507-1.png>
Package pdftex.def Info: report_files/figure-latex/unnamed-chunk-507-1.png  used on input line 1363.
(pdftex.def)             Requested size: 469.77855pt x 172.71268pt.
<report_files/figure-latex/unnamed-chunk-508-1.png, id=232, 180.675pt x 144.54pt>
File: report_files/figure-latex/unnamed-chunk-508-1.png Graphic file (type png)
<use report_files/figure-latex/unnamed-chunk-508-1.png>
Package pdftex.def Info: report_files/figure-latex/unnamed-chunk-508-1.png  used on input line 1371.
(pdftex.def)             Requested size: 180.68282pt x 144.54623pt.
<figures/headers/water_testing_pond_15_plot.png, id=233, 404.712pt x 50.589pt>
File: figures/headers/water_testing_pond_15_plot.png Graphic file (type png)
<use figures/headers/water_testing_pond_15_plot.png>
Package pdftex.def Info: figures/headers/water_testing_pond_15_plot.png  used on input line 1445.
(pdftex.def)             Requested size: 404.72954pt x 50.59117pt.


[25 <./figures/headers/om_testing_rough_plot.png> <./report_files/figure-latex/unnamed-chunk-507-1.png> <./report_files/figure-latex/unnamed-chunk-508-1.png>]
</Users/cedric/My Drive/Work/DataViz/Clients/2024_Torv_EricFoerster/torv-reports-v4/report/figures/water_testing/water_plot_pond_15.png, id=241, 469.755pt x 433.3791pt>
File: /Users/cedric/My Drive/Work/DataViz/Clients/2024_Torv_EricFoerster/torv-reports-v4/report/figures/water_testing/water_plot_pond_15.png Graphic file (type png)
<use /Users/cedric/My Drive/Work/DataViz/Clients/2024_Torv_EricFoerster/torv-reports-v4/report/figures/water_testing/water_plot_pond_15.png>
Package pdftex.def Info: /Users/cedric/My Drive/Work/DataViz/Clients/2024_Torv_EricFoerster/torv-reports-v4/report/figures/water_testing/water_plot_pond_15.png  used on input line 1452.
(pdftex.def)             Requested size: 469.75386pt x 433.37805pt.
<figures/headers/water_testing_pond_15_trends_plot.png, id=242, 404.712pt x 50.589pt>
File: figures/headers/water_testing_pond_15_trends_plot.png Graphic file (type png)
<use figures/headers/water_testing_pond_15_trends_plot.png>
Package pdftex.def Info: figures/headers/water_testing_pond_15_trends_plot.png  used on input line 1454.
(pdftex.def)             Requested size: 404.72954pt x 50.59117pt.
<report_files/figure-latex/unnamed-chunk-548-1.png, id=243, 491.436pt x 361.35pt>
File: report_files/figure-latex/unnamed-chunk-548-1.png Graphic file (type png)
<use report_files/figure-latex/unnamed-chunk-548-1.png>
Package pdftex.def Info: report_files/figure-latex/unnamed-chunk-548-1.png  used on input line 1456.
(pdftex.def)             Requested size: 469.77855pt x 345.4254pt.


[26 <./figures/headers/water_testing_pond_15_plot.png> </Users/cedric/My Drive/Work/DataViz/Clients/2024_Torv_EricFoerster/torv-reports-v4/report/figures/water_testing/water_plot_pond_15.png> <./figures/headers/water_testing_pond_15_trends_plot.png>]
<report_files/figure-latex/unnamed-chunk-549-1.png, id=250, 180.675pt x 144.54pt>
File: report_files/figure-latex/unnamed-chunk-549-1.png Graphic file (type png)
<use report_files/figure-latex/unnamed-chunk-549-1.png>
Package pdftex.def Info: report_files/figure-latex/unnamed-chunk-549-1.png  used on input line 1464.
(pdftex.def)             Requested size: 180.68282pt x 144.54623pt.
<figures/headers/water_testing_irrigation_qc_plot.png, id=251, 404.712pt x 50.589pt>
File: figures/headers/water_testing_irrigation_qc_plot.png Graphic file (type png)
<use figures/headers/water_testing_irrigation_qc_plot.png>
Package pdftex.def Info: figures/headers/water_testing_irrigation_qc_plot.png  used on input line 1468.
(pdftex.def)             Requested size: 404.72954pt x 50.59117pt.


[27 <./report_files/figure-latex/unnamed-chunk-548-1.png> <./report_files/figure-latex/unnamed-chunk-549-1.png> <./figures/headers/water_testing_irrigation_qc_plot.png>]
</Users/cedric/My Drive/Work/DataViz/Clients/2024_Torv_EricFoerster/torv-reports-v4/report/figures/water_testing/water_plot_irrigation_qc.png, id=257, 469.755pt x 433.3791pt>
File: /Users/cedric/My Drive/Work/DataViz/Clients/2024_Torv_EricFoerster/torv-reports-v4/report/figures/water_testing/water_plot_irrigation_qc.png Graphic file (type png)
<use /Users/cedric/My Drive/Work/DataViz/Clients/2024_Torv_EricFoerster/torv-reports-v4/report/figures/water_testing/water_plot_irrigation_qc.png>
Package pdftex.def Info: /Users/cedric/My Drive/Work/DataViz/Clients/2024_Torv_EricFoerster/torv-reports-v4/report/figures/water_testing/water_plot_irrigation_qc.png  used on input line 1475.
(pdftex.def)             Requested size: 469.75386pt x 433.37805pt.
<figures/headers/water_testing_irrigation_qc_trends_plot.png, id=258, 404.712pt x 50.589pt>
File: figures/headers/water_testing_irrigation_qc_trends_plot.png Graphic file (type png)
<use figures/headers/water_testing_irrigation_qc_trends_plot.png>
Package pdftex.def Info: figures/headers/water_testing_irrigation_qc_trends_plot.png  used on input line 1477.
(pdftex.def)             Requested size: 404.72954pt x 50.59117pt.
<report_files/figure-latex/unnamed-chunk-562-1.png, id=259, 491.436pt x 361.35pt>
File: report_files/figure-latex/unnamed-chunk-562-1.png Graphic file (type png)
<use report_files/figure-latex/unnamed-chunk-562-1.png>
Package pdftex.def Info: report_files/figure-latex/unnamed-chunk-562-1.png  used on input line 1479.
(pdftex.def)             Requested size: 469.77855pt x 345.4254pt.


[28 </Users/cedric/My Drive/Work/DataViz/Clients/2024_Torv_EricFoerster/torv-reports-v4/report/figures/water_testing/water_plot_irrigation_qc.png> <./figures/headers/water_testing_irrigation_qc_trends_plot.png>]
<report_files/figure-latex/unnamed-chunk-563-1.png, id=265, 180.675pt x 144.54pt>
File: report_files/figure-latex/unnamed-chunk-563-1.png Graphic file (type png)
<use report_files/figure-latex/unnamed-chunk-563-1.png>
Package pdftex.def Info: report_files/figure-latex/unnamed-chunk-563-1.png  used on input line 1487.
(pdftex.def)             Requested size: 180.68282pt x 144.54623pt.
<figures/headers/none_testing_how_to_read_trend_line_plots_plot.png, id=266, 404.712pt x 50.589pt>
File: figures/headers/none_testing_how_to_read_trend_line_plots_plot.png Graphic file (type png)
<use figures/headers/none_testing_how_to_read_trend_line_plots_plot.png>
Package pdftex.def Info: figures/headers/none_testing_how_to_read_trend_line_plots_plot.png  used on input line 1492.
(pdftex.def)             Requested size: 404.72954pt x 50.59117pt.
<report_files/figure-latex/legend-trends-1.png, id=267, 180.675pt x 144.54pt>
File: report_files/figure-latex/legend-trends-1.png Graphic file (type png)
<use report_files/figure-latex/legend-trends-1.png>
Package pdftex.def Info: report_files/figure-latex/legend-trends-1.png  used on input line 1494.
(pdftex.def)             Requested size: 180.68282pt x 144.54623pt.


[29 <./report_files/figure-latex/unnamed-chunk-562-1.png> <./report_files/figure-latex/unnamed-chunk-563-1.png> <./figures/headers/none_testing_how_to_read_trend_line_plots_plot.png>]
<figures/headers/none_testing_additional_resources_plot.png, id=272, 404.712pt x 50.589pt>
File: figures/headers/none_testing_additional_resources_plot.png Graphic file (type png)
<use figures/headers/none_testing_additional_resources_plot.png>
Package pdftex.def Info: figures/headers/none_testing_additional_resources_plot.png  used on input line 1498.
(pdftex.def)             Requested size: 404.72954pt x 50.59117pt.
LaTeX Font Info:    Trying to load font information for T1+lmtt on input line 1500.
(/Users/cedric/Library/TinyTeX/texmf-dist/tex/latex/lm/t1lmtt.fd
File: t1lmtt.fd 2015/05/01 v1.6.1 Font defs for Latin Modern
)
LaTeX Font Info:    Trying to load font information for TS1+lmtt on input line 1500.
(/Users/cedric/Library/TinyTeX/texmf-dist/tex/latex/lm/ts1lmtt.fd
File: ts1lmtt.fd 2015/05/01 v1.6.1 Font defs for Latin Modern
)
Underfull \hbox (badness 10000) in paragraph at lines 1500--1501
[]\T1/lmtt/m/n/10 {=html, eval=html} <object data="test-results.pdf" type="application/pdf" width="70%"
 []


Underfull \hbox (badness 10000) in paragraph at lines 1500--1501
\T1/lmtt/m/n/10 height="50%" style="min-height:70vh;">     <p>It appears you don\TS1/lmtt/m/n/10 '\T1/lmtt/m/n/10 t have a PDF plugin for
 []


Underfull \hbox (badness 10000) in paragraph at lines 1500--1501
\T1/lmtt/m/n/10 this browser. No problem, you can <a href="report.pdf">click here to download the PDF
 []



[30 <./report_files/figure-latex/legend-trends-1.png> <./figures/headers/none_testing_additional_resources_plot.png>] (./report.aux)
 ***********
LaTeX2e <2024-06-01> patch level 1
L3 programming layer <2024-05-27>
 ***********

LaTeX Warning: There were undefined references.

 ) 
Here is how much of TeX's memory you used:
 14967 strings out of 475499
 274470 string characters out of 5775158
 1951905 words of memory out of 5000000
 37203 multiletter control sequences out of 15000+600000
 634714 words of font info for 152 fonts, out of 8000000 for 9000
 36 hyphenation exceptions out of 8191
 69i,10n,79p,1912b,582s stack positions out of 10000i,1000n,20000p,200000b,200000s
</Users/cedric/Library/TinyTeX/texmf-dist/fonts/type1/public/lm/lmbx10.pfb></Users/cedric/Library/TinyTeX/texmf-dist/fonts/type1/public/lm/lmbx12.pfb></Users/cedric/Library/TinyTeX/texmf-dist/fonts/type1/public/lm/lmbxi10.pfb></Users/cedric/Library/TinyTeX/texmf-dist/fonts/type1/public/lm/lmr10.pfb></Users/cedric/Library/TinyTeX/texmf-dist/fonts/type1/public/lm/lmr12.pfb></Users/cedric/Library/TinyTeX/texmf-dist/fonts/type1/public/lm/lmr17.pfb></Users/cedric/Library/TinyTeX/texmf-dist/fonts/type1/public/lm/lmr7.pfb></Users/cedric/Library/TinyTeX/texmf-dist/fonts/type1/public/lm/lmtt10.pfb>
Output written on report.pdf (30 pages, 3472096 bytes).
PDF statistics:
 377 PDF objects out of 1000 (max. 8388607)
 229 compressed objects within 3 object streams
 61 named destinations out of 1000 (max. 500000)
 43583 words of extra memory for PDF output out of 51595 (max. 10000000)

