This is LuaHBTeX, Version 1.18.0 (TeX Live 2024)  (format=lualatex 2024.10.12)  22 OCT 2024 07:21
 restricted system commands enabled.
**"/Users/ericfoerster/Desktop/torv-reports v4/generated-reports/TORV-report_The-Club-at-Flying-Horse-North-Course_2024-10-17_season_average.tex"
("/Users/ericfoerster/Desktop/torv-reports v4/generated-reports/TORV-report_The-Club-at-Flying-Horse-North-Course_2024-10-17_season_average.tex"
LaTeX2e <2024-06-01> patch level 2
L3 programming layer <2024-09-10>
Lua module: luaotfload 2024-02-14 3.28 Lua based OpenType font support
Lua module: lualibs 2023-07-13 2.76 ConTeXt Lua standard libraries.
Lua module: lualibs-extended 2023-07-13 2.76 ConTeXt Lua libraries -- extended collection.
luaotfload | conf : Root cache directory is "/Users/ericfoerster/Library/TinyTeX/texmf-var/luatex-cache/generic/names".
luaotfload | init : Loading fontloader "fontloader-2023-12-28.lua" from kpse-resolved path "/Users/ericfoerster/Library/TinyTeX/texmf-dist/tex/luatex/luaotfload/fontloader-2023-12-28.lua".
Lua-only attribute luaotfload@noligature = 1
luaotfload | init : Context OpenType loader version 3.134
Inserting `luaotfload.node_processor' in `pre_linebreak_filter'.
Inserting `luaotfload.node_processor' in `hpack_filter'.
Inserting `luaotfload.glyph_stream' in `glyph_stream_provider'.
Inserting `luaotfload.define_font' in `define_font'.
Lua-only attribute luaotfload_color_attribute = 2
luaotfload | conf : Root cache directory is "/Users/ericfoerster/Library/TinyTeX/texmf-var/luatex-cache/generic/names".
Inserting `luaotfload.harf.strip_prefix' in `find_opentype_file'.
Inserting `luaotfload.harf.strip_prefix' in `find_truetype_file'.
Removing  `luaotfload.glyph_stream' from `glyph_stream_provider'.
Inserting `luaotfload.harf.glyphstream' in `glyph_stream_provider'.
Inserting `luaotfload.harf.finalize_vlist' in `post_linebreak_filter'.
Inserting `luaotfload.harf.finalize_hlist' in `hpack_filter'.
Inserting `luaotfload.cleanup_files' in `wrapup_run'.
Inserting `luaotfload.harf.finalize_unicode' in `finish_pdffile'.
Inserting `luaotfload.glyphinfo' in `glyph_info'.
Lua-only attribute luaotfload.letterspace_done = 3
Inserting `luaotfload.aux.set_sscale_dimens' in `luaotfload.patch_font'.
Inserting `luaotfload.aux.set_font_index' in `luaotfload.patch_font'.
Inserting `luaotfload.aux.patch_cambria_domh' in `luaotfload.patch_font'.
Inserting `luaotfload.aux.fixup_fontdata' in `luaotfload.patch_font_unsafe'.
Inserting `luaotfload.aux.set_capheight' in `luaotfload.patch_font'.
Inserting `luaotfload.aux.set_xheight' in `luaotfload.patch_font'.
Inserting `luaotfload.rewrite_fontname' in `luaotfload.patch_font'.
Inserting `tracingstacklevels' in `input_level_string'. (/Users/ericfoerster/Library/TinyTeX/texmf-dist/tex/latex/base/article.cls
Document Class: article 2024/02/08 v1.4n Standard LaTeX document class
(/Users/ericfoerster/Library/TinyTeX/texmf-dist/tex/latex/base/size10.clo
File: size10.clo 2024/02/08 v1.4n Standard LaTeX file (size option)
luaotfload | db : Font names database loaded from /Users/ericfoerster/Library/TinyTeX/texmf-var/luatex-cache/generic/names/luaotfload-names.luc.gz)
\c@part=\count192
\c@section=\count193
\c@subsection=\count194
\c@subsubsection=\count195
\c@paragraph=\count196
\c@subparagraph=\count197
\c@figure=\count198
\c@table=\count199
\abovecaptionskip=\skip49
\belowcaptionskip=\skip50
\bibindent=\dimen140
) (/Users/ericfoerster/Library/TinyTeX/texmf-dist/tex/latex/amsmath/amsmath.sty
Package: amsmath 2024/05/23 v2.17q AMS math features
\@mathmargin=\skip51
For additional information on amsmath, use the `?' option.
(/Users/ericfoerster/Library/TinyTeX/texmf-dist/tex/latex/amsmath/amstext.sty
Package: amstext 2021/08/26 v2.01 AMS text
(/Users/ericfoerster/Library/TinyTeX/texmf-dist/tex/latex/amsmath/amsgen.sty
File: amsgen.sty 1999/11/30 v2.0 generic functions
\@emptytoks=\toks17
\ex@=\dimen141
)) (/Users/ericfoerster/Library/TinyTeX/texmf-dist/tex/latex/amsmath/amsbsy.sty
Package: amsbsy 1999/11/29 v1.2d Bold Symbols
\pmbraise@=\dimen142
) (/Users/ericfoerster/Library/TinyTeX/texmf-dist/tex/latex/amsmath/amsopn.sty
Package: amsopn 2022/04/08 v2.04 operator names
)
\inf@bad=\count266
LaTeX Info: Redefining \frac on input line 235.
\uproot@=\count267
\leftroot@=\count268
LaTeX Info: Redefining \overline on input line 398.
LaTeX Info: Redefining \colon on input line 409.
\classnum@=\count269
\DOTSCASE@=\count270
LaTeX Info: Redefining \ldots on input line 495.
LaTeX Info: Redefining \dots on input line 498.
LaTeX Info: Redefining \cdots on input line 619.
\Mathstrutbox@=\box52
\strutbox@=\box53
LaTeX Info: Redefining \big on input line 721.
LaTeX Info: Redefining \Big on input line 722.
LaTeX Info: Redefining \bigg on input line 723.
LaTeX Info: Redefining \Bigg on input line 724.
\big@size=\dimen143
LaTeX Font Info:    Redeclaring font encoding OML on input line 742.
LaTeX Font Info:    Redeclaring font encoding OMS on input line 743.
\macc@depth=\count271
LaTeX Info: Redefining \bmod on input line 904.
LaTeX Info: Redefining \pmod on input line 909.
LaTeX Info: Redefining \smash on input line 939.
LaTeX Info: Redefining \relbar on input line 969.
LaTeX Info: Redefining \Relbar on input line 970.
\c@MaxMatrixCols=\count272
\dotsspace@=\muskip17
\c@parentequation=\count273
\dspbrk@lvl=\count274
\tag@help=\toks18
\row@=\count275
\column@=\count276
\maxfields@=\count277
\andhelp@=\toks19
\eqnshift@=\dimen144
\alignsep@=\dimen145
\tagshift@=\dimen146
\tagwidth@=\dimen147
\totwidth@=\dimen148
\lineht@=\dimen149
\@envbody=\toks20
\multlinegap=\skip52
\multlinetaggap=\skip53
\mathdisplay@stack=\toks21
LaTeX Info: Redefining \[ on input line 2953.
LaTeX Info: Redefining \] on input line 2954.
) (/Users/ericfoerster/Library/TinyTeX/texmf-dist/tex/latex/amsfonts/amssymb.sty
Package: amssymb 2013/01/14 v3.01 AMS font symbols
(/Users/ericfoerster/Library/TinyTeX/texmf-dist/tex/latex/amsfonts/amsfonts.sty
Package: amsfonts 2013/01/14 v3.01 Basic AMSFonts support
\symAMSa=\mathgroup4
\symAMSb=\mathgroup5
LaTeX Font Info:    Redeclaring math symbol \hbar on input line 98.
LaTeX Font Info:    Overwriting math alphabet `\mathfrak' in version `bold'
(Font)                  U/euf/m/n --> U/euf/b/n on input line 106.
)) (/Users/ericfoerster/Library/TinyTeX/texmf-dist/tex/generic/iftex/iftex.sty
Package: iftex 2022/02/03 v1.0f TeX engine tests
) (/Users/ericfoerster/Library/TinyTeX/texmf-dist/tex/latex/unicode-math/unicode-math.sty (/Users/ericfoerster/Library/TinyTeX/texmf-dist/tex/latex/l3kernel/expl3.sty
Package: expl3 2024-09-10 L3 programming layer (loader) 
(/Users/ericfoerster/Library/TinyTeX/texmf-dist/tex/latex/l3backend/l3backend-luatex.def
File: l3backend-luatex.def 2024-05-08 L3 backend support: PDF output (LuaTeX)
\l__color_backend_stack_int=\count278
Inserting `l3color' in `luaotfload.parse_color'.
\l__pdf_internal_box=\box54
))
Package: unicode-math 2023/08/13 v0.8r Unicode maths in XeLaTeX and LuaLaTeX
(/Users/ericfoerster/Library/TinyTeX/texmf-dist/tex/latex/unicode-math/unicode-math-luatex.sty
Package: unicode-math-luatex 2023/08/13 v0.8r Unicode maths in XeLaTeX and LuaLaTeX
(/Users/ericfoerster/Library/TinyTeX/texmf-dist/tex/latex/l3packages/xparse/xparse.sty
Package: xparse 2024-08-16 L3 Experimental document command parser
) (/Users/ericfoerster/Library/TinyTeX/texmf-dist/tex/latex/l3packages/l3keys2e/l3keys2e.sty
Package: l3keys2e 2024-08-16 LaTeX2e option processing using LaTeX3 keys
) (/Users/ericfoerster/Library/TinyTeX/texmf-dist/tex/latex/fontspec/fontspec.sty
Package: fontspec 2024/05/11 v2.9e Font selection for XeLaTeX and LuaLaTeX
Lua module: fontspec 2024/05/11 2.9e Font selection for XeLaTeX and LuaLaTeX (/Users/ericfoerster/Library/TinyTeX/texmf-dist/tex/latex/fontspec/fontspec-luatex.sty
Package: fontspec-luatex 2024/05/11 v2.9e Font selection for XeLaTeX and LuaLaTeX
\l__fontspec_script_int=\count279
\l__fontspec_language_int=\count280
\l__fontspec_strnum_int=\count281
\l__fontspec_tmp_int=\count282
\l__fontspec_tmpa_int=\count283
\l__fontspec_tmpb_int=\count284
\l__fontspec_tmpc_int=\count285
\l__fontspec_em_int=\count286
\l__fontspec_emdef_int=\count287
\l__fontspec_strong_int=\count288
\l__fontspec_strongdef_int=\count289
\l__fontspec_tmpa_dim=\dimen150
\l__fontspec_tmpb_dim=\dimen151
\l__fontspec_tmpc_dim=\dimen152
(/Users/ericfoerster/Library/TinyTeX/texmf-dist/tex/latex/base/fontenc.sty
Package: fontenc 2021/04/29 v2.0v Standard LaTeX package
) (/Users/ericfoerster/Library/TinyTeX/texmf-dist/tex/latex/fontspec/fontspec.cfg))) (/Users/ericfoerster/Library/TinyTeX/texmf-dist/tex/latex/base/fix-cm.sty
Package: fix-cm 2020/11/24 v1.1t fixes to LaTeX
(/Users/ericfoerster/Library/TinyTeX/texmf-dist/tex/latex/base/ts1enc.def
File: ts1enc.def 2001/06/05 v3.0e (jk/car/fm) Standard LaTeX file
LaTeX Font Info:    Redeclaring font encoding TS1 on input line 47.
)) (/Users/ericfoerster/Library/TinyTeX/texmf-dist/tex/lualatex/lualatex-math/lualatex-math.sty
Package: lualatex-math 2022/01/01 v1.12 Patches for mathematics typesetting with LuaLaTeX
(/Users/ericfoerster/Library/TinyTeX/texmf-dist/tex/latex/etoolbox/etoolbox.sty
Package: etoolbox 2020/10/05 v2.5k e-TeX tools for LaTeX (JAW)
\etb@tempcnta=\count290
)
Lua module: lualatex-math 2013/08/03 1.3 Patches for mathematics typesetting with LuaLaTeX)
\g__um_fam_int=\count291
\g__um_fonts_used_int=\count292
\l__um_primecount_int=\count293
\g__um_primekern_muskip=\muskip18
(/Users/ericfoerster/Library/TinyTeX/texmf-dist/tex/latex/unicode-math/unicode-math-table.tex))) (/Users/ericfoerster/Library/TinyTeX/texmf-dist/tex/latex/lm/lmodern.sty
Package: lmodern 2015/05/01 v1.6.1 Latin Modern Fonts
LaTeX Font Info:    Overwriting symbol font `operators' in version `normal'
(Font)                  OT1/cmr/m/n --> OT1/lmr/m/n on input line 22.
LaTeX Font Info:    Overwriting symbol font `letters' in version `normal'
(Font)                  OML/cmm/m/it --> OML/lmm/m/it on input line 23.
LaTeX Font Info:    Overwriting symbol font `symbols' in version `normal'
(Font)                  OMS/cmsy/m/n --> OMS/lmsy/m/n on input line 24.
LaTeX Font Info:    Overwriting symbol font `largesymbols' in version `normal'
(Font)                  OMX/cmex/m/n --> OMX/lmex/m/n on input line 25.
LaTeX Font Info:    Overwriting symbol font `operators' in version `bold'
(Font)                  OT1/cmr/bx/n --> OT1/lmr/bx/n on input line 26.
LaTeX Font Info:    Overwriting symbol font `letters' in version `bold'
(Font)                  OML/cmm/b/it --> OML/lmm/b/it on input line 27.
LaTeX Font Info:    Overwriting symbol font `symbols' in version `bold'
(Font)                  OMS/cmsy/b/n --> OMS/lmsy/b/n on input line 28.
LaTeX Font Info:    Overwriting symbol font `largesymbols' in version `bold'
(Font)                  OMX/cmex/m/n --> OMX/lmex/m/n on input line 29.
LaTeX Font Info:    Overwriting math alphabet `\mathbf' in version `normal'
(Font)                  OT1/cmr/bx/n --> OT1/lmr/bx/n on input line 31.
LaTeX Font Info:    Overwriting math alphabet `\mathsf' in version `normal'
(Font)                  OT1/cmss/m/n --> OT1/lmss/m/n on input line 32.
LaTeX Font Info:    Overwriting math alphabet `\mathit' in version `normal'
(Font)                  OT1/cmr/m/it --> OT1/lmr/m/it on input line 33.
LaTeX Font Info:    Overwriting math alphabet `\mathtt' in version `normal'
(Font)                  OT1/cmtt/m/n --> OT1/lmtt/m/n on input line 34.
LaTeX Font Info:    Overwriting math alphabet `\mathbf' in version `bold'
(Font)                  OT1/cmr/bx/n --> OT1/lmr/bx/n on input line 35.
LaTeX Font Info:    Overwriting math alphabet `\mathsf' in version `bold'
(Font)                  OT1/cmss/bx/n --> OT1/lmss/bx/n on input line 36.
LaTeX Font Info:    Overwriting math alphabet `\mathit' in version `bold'
(Font)                  OT1/cmr/bx/it --> OT1/lmr/bx/it on input line 37.
LaTeX Font Info:    Overwriting math alphabet `\mathtt' in version `bold'
(Font)                  OT1/cmtt/m/n --> OT1/lmtt/m/n on input line 38.
) (/Users/ericfoerster/Library/TinyTeX/texmf-dist/tex/latex/upquote/upquote.sty
Package: upquote 2012/04/19 v1.3 upright-quote and grave-accent glyphs in verbatim
(/Users/ericfoerster/Library/TinyTeX/texmf-dist/tex/latex/base/textcomp.sty
Package: textcomp 2024/04/24 v2.1b Standard LaTeX package
)) (/Users/ericfoerster/Library/TinyTeX/texmf-dist/tex/latex/microtype/microtype.sty
Package: microtype 2024/03/29 v3.1b Micro-typographical refinements (RS)
(/Users/ericfoerster/Library/TinyTeX/texmf-dist/tex/latex/graphics/keyval.sty
Package: keyval 2022/05/29 v1.15 key=value parser (DPC)
\KV@toks@=\toks22
)
\MT@toks=\toks23
\MT@tempbox=\box55
\MT@count=\count294
LaTeX Info: Redefining \noprotrusionifhmode on input line 1061.
LaTeX Info: Redefining \leftprotrusion on input line 1062.
\MT@prot@toks=\toks24
LaTeX Info: Redefining \rightprotrusion on input line 1081.
LaTeX Info: Redefining \textls on input line 1392.
\MT@outer@kern=\dimen153
LaTeX Info: Redefining \textmicrotypecontext on input line 2013.
\MT@listname@count=\count295
(/Users/ericfoerster/Library/TinyTeX/texmf-dist/tex/latex/microtype/microtype-luatex.def
File: microtype-luatex.def 2024/03/29 v3.1b Definitions specific to luatex (RS)
Lua module: microtype 2024/03/29 3.1b microtype module.
Module microtype Info: overwriting function `keepligature' on input line 63
LaTeX Info: Redefining \lsstyle on input line 693.
LaTeX Info: Redefining \lslig on input line 693.
\MT@outer@space=\skip54
)
Package microtype Info: Loading configuration file microtype.cfg.
(/Users/ericfoerster/Library/TinyTeX/texmf-dist/tex/latex/microtype/microtype.cfg
File: microtype.cfg 2024/03/29 v3.1b microtype main configuration file (RS)
)) (/Users/ericfoerster/Library/TinyTeX/texmf-dist/tex/latex/parskip/parskip.sty
Package: parskip 2021-03-14 v2.0h non-zero parskip adjustments
(/Users/ericfoerster/Library/TinyTeX/texmf-dist/tex/latex/kvoptions/kvoptions.sty
Package: kvoptions 2022-06-15 v3.15 Key value format for package options (HO)
(/Users/ericfoerster/Library/TinyTeX/texmf-dist/tex/generic/ltxcmds/ltxcmds.sty
Package: ltxcmds 2023-12-04 v1.26 LaTeX kernel commands for general use (HO)
) (/Users/ericfoerster/Library/TinyTeX/texmf-dist/tex/latex/kvsetkeys/kvsetkeys.sty
Package: kvsetkeys 2022-10-05 v1.19 Key value parser (HO)
))) (/Users/ericfoerster/Library/TinyTeX/texmf-dist/tex/latex/xcolor/xcolor.sty
Package: xcolor 2024/09/29 v3.02 LaTeX color extensions (UK)
(/Users/ericfoerster/Library/TinyTeX/texmf-dist/tex/latex/graphics-cfg/color.cfg
File: color.cfg 2016/01/02 v1.6 sample color configuration
)
Package xcolor Info: Driver file: luatex.def on input line 274.
(/Users/ericfoerster/Library/TinyTeX/texmf-dist/tex/latex/graphics-def/luatex.def
File: luatex.def 2024/04/13 v1.2e Graphics/color driver for luatex
) (/Users/ericfoerster/Library/TinyTeX/texmf-dist/tex/latex/graphics/mathcolor.ltx)
Package xcolor Info: Model `cmy' substituted by `cmy0' on input line 1349.
Package xcolor Info: Model `hsb' substituted by `rgb' on input line 1353.
Package xcolor Info: Model `RGB' extended on input line 1365.
Package xcolor Info: Model `HTML' substituted by `rgb' on input line 1367.
Package xcolor Info: Model `Hsb' substituted by `hsb' on input line 1368.
Package xcolor Info: Model `tHsb' substituted by `hsb' on input line 1369.
Package xcolor Info: Model `HSB' substituted by `hsb' on input line 1370.
Package xcolor Info: Model `Gray' substituted by `gray' on input line 1371.
Package xcolor Info: Model `wave' substituted by `hsb' on input line 1372.
) (/Users/ericfoerster/Library/TinyTeX/texmf-dist/tex/latex/graphics/dvipsnam.def
File: dvipsnam.def 2016/06/17 v3.0m Driver-dependent file (DPC,SPQR)
) (/Users/ericfoerster/Library/TinyTeX/texmf-dist/tex/latex/xcolor/svgnam.def
File: svgnam.def 2024/09/29 v3.02 Predefined colors according to SVG 1.1 (UK)
) (/Users/ericfoerster/Library/TinyTeX/texmf-dist/tex/latex/xcolor/x11nam.def
File: x11nam.def 2024/09/29 v3.02 Predefined colors according to Unix/X11 (UK)
) (/Users/ericfoerster/Library/TinyTeX/texmf-dist/tex/latex/geometry/geometry.sty
Package: geometry 2020/01/02 v5.9 Page Geometry
(/Users/ericfoerster/Library/TinyTeX/texmf-dist/tex/generic/iftex/ifvtex.sty
Package: ifvtex 2019/10/25 v1.7 ifvtex legacy package. Use iftex instead.
)
\Gm@cnth=\count296
\Gm@cntv=\count297
\c@Gm@tempcnt=\count298
\Gm@bindingoffset=\dimen154
\Gm@wd@mp=\dimen155
\Gm@odd@mp=\dimen156
\Gm@even@mp=\dimen157
\Gm@layoutwidth=\dimen158
\Gm@layoutheight=\dimen159
\Gm@layouthoffset=\dimen160
\Gm@layoutvoffset=\dimen161
\Gm@dimlist=\toks25
) (/Users/ericfoerster/Library/TinyTeX/texmf-dist/tex/latex/graphics/graphicx.sty
Package: graphicx 2021/09/16 v1.2d Enhanced LaTeX Graphics (DPC,SPQR)
(/Users/ericfoerster/Library/TinyTeX/texmf-dist/tex/latex/graphics/graphics.sty
Package: graphics 2024/05/23 v1.4g Standard LaTeX Graphics (DPC,SPQR)
(/Users/ericfoerster/Library/TinyTeX/texmf-dist/tex/latex/graphics/trig.sty
Package: trig 2023/12/02 v1.11 sin cos tan (DPC)
) (/Users/ericfoerster/Library/TinyTeX/texmf-dist/tex/latex/graphics-cfg/graphics.cfg
File: graphics.cfg 2016/06/04 v1.11 sample graphics configuration
)
Package graphics Info: Driver file: luatex.def on input line 106.
)
\Gin@req@height=\dimen162
\Gin@req@width=\dimen163
) (/Users/ericfoerster/Library/TinyTeX/texmf-dist/tex/latex/sectsty/sectsty.sty
Package: sectsty 2002/02/25 v2.0.2 Commands to change all sectional heading styles

LaTeX Warning: Command \underbar  has changed.
               Check if current package is valid.


LaTeX Warning: Command \underline  has changed.
               Check if current package is valid.

) (/Users/ericfoerster/Library/TinyTeX/texmf-dist/tex/latex/tools/multicol.sty
Package: multicol 2024/05/23 v1.9h multicolumn formatting (FMi)
\c@tracingmulticols=\count299
\mult@box=\box56
\multicol@leftmargin=\dimen164
\c@unbalance=\count300
\c@collectmore=\count301
\doublecol@number=\count302
\multicoltolerance=\count303
\multicolpretolerance=\count304
\full@width=\dimen165
\page@free=\dimen166
\premulticols=\dimen167
\postmulticols=\dimen168
\multicolsep=\skip55
\multicolbaselineskip=\skip56
\partial@page=\box57
\last@line=\box58
\mc@boxedresult=\box59
\maxbalancingoverflow=\dimen169
\mult@rightbox=\box60
\mult@grightbox=\box61
\mult@firstbox=\box62
\mult@gfirstbox=\box63
\@tempa=\box64
\@tempa=\box65
\@tempa=\box66
\@tempa=\box67
\@tempa=\box68
\@tempa=\box69
\@tempa=\box70
\@tempa=\box71
\@tempa=\box72
\@tempa=\box73
\@tempa=\box74
\@tempa=\box75
\@tempa=\box76
\@tempa=\box77
\@tempa=\box78
\@tempa=\box79
\@tempa=\box80
\@tempa=\box81
\@tempa=\box82
\@tempa=\box83
\@tempa=\box84
\@tempa=\box85
\@tempa=\box86
\@tempa=\box87
\@tempa=\box88
\@tempa=\box89
\@tempa=\box90
\@tempa=\box91
\@tempa=\box92
\@tempa=\box93
\@tempa=\box94
\@tempa=\box95
\@tempa=\box96
\@tempa=\box97
\@tempa=\box98
\@tempa=\box99
\c@minrows=\count305
\c@columnbadness=\count306
\c@finalcolumnbadness=\count307
\last@try=\dimen170
\multicolovershoot=\dimen171
\multicolundershoot=\dimen172
\mult@nat@firstbox=\box100
\colbreak@box=\box101
\mc@col@check@num=\count308
)
luaotfload | cache : Lookup cache loaded from /Users/ericfoerster/Library/TinyTeX/texmf-var/luatex-cache/generic/names/luaotfload-lookup-cache.luc.

Package fontspec Info: 
(fontspec)             Rasa scale = 1.043577854543439.


Package fontspec Info: 
(fontspec)             Rasa scale = 1.


Package fontspec Info: 
(fontspec)             Rasa scale = 1.043577854543439.


Package fontspec Info: 
(fontspec)             Rasa scale = 1.

luaotfload | aux : font no 23 (nil) does not define feature smcp for script latn with language dflt
luaotfload | aux : font no 23 (nil) does not define feature smcp for script latn with language dflt
luaotfload | aux : font no 23 (nil) does not define feature smcp for script dflt with language dflt
luaotfload | aux : font no 23 (nil) does not define feature smcp for script latn with language dflt
luaotfload | aux : font no 23 (nil) does not define feature smcp for script latn with language dflt
luaotfload | aux : font no 23 (nil) does not define feature smcp for script dflt with language dflt

Package fontspec Info: 
(fontspec)             Rasa/B scale = 1.043577854543439.


Package fontspec Info: 
(fontspec)             Rasa/B scale = 1.

luaotfload | aux : font no 24 (nil) does not define feature smcp for script latn with language dflt
luaotfload | aux : font no 24 (nil) does not define feature smcp for script latn with language dflt
luaotfload | aux : font no 24 (nil) does not define feature smcp for script dflt with language dflt
luaotfload | aux : font no 24 (nil) does not define feature smcp for script latn with language dflt
luaotfload | aux : font no 24 (nil) does not define feature smcp for script latn with language dflt
luaotfload | aux : font no 24 (nil) does not define feature smcp for script dflt with language dflt

Package fontspec Info: 
(fontspec)             Rasa/I scale = 1.043577854543439.


Package fontspec Info: 
(fontspec)             Rasa/I scale = 1.

luaotfload | aux : font no 25 (nil) does not define feature smcp for script latn with language dflt
luaotfload | aux : font no 25 (nil) does not define feature smcp for script latn with language dflt
luaotfload | aux : font no 25 (nil) does not define feature smcp for script dflt with language dflt
luaotfload | aux : font no 25 (nil) does not define feature smcp for script latn with language dflt
luaotfload | aux : font no 25 (nil) does not define feature smcp for script latn with language dflt
luaotfload | aux : font no 25 (nil) does not define feature smcp for script dflt with language dflt

Package fontspec Info: 
(fontspec)             Rasa/BI scale = 1.043577854543439.


Package fontspec Info: 
(fontspec)             Rasa/BI scale = 1.

luaotfload | aux : font no 26 (nil) does not define feature smcp for script latn with language dflt
luaotfload | aux : font no 26 (nil) does not define feature smcp for script latn with language dflt
luaotfload | aux : font no 26 (nil) does not define feature smcp for script dflt with language dflt
luaotfload | aux : font no 26 (nil) does not define feature smcp for script latn with language dflt
luaotfload | aux : font no 26 (nil) does not define feature smcp for script latn with language dflt
luaotfload | aux : font no 26 (nil) does not define feature smcp for script dflt with language dflt

Package fontspec Info: 
(fontspec)             Font family 'Rasa(0)' created for font 'Rasa' with
(fontspec)             options [Scale=MatchLowercase,Ligatures=TeX,Scale=1].
(fontspec)              
(fontspec)              This font family consists of the following NFSS
(fontspec)             series/shapes:
(fontspec)              
(fontspec)             - 'normal' (m/n) with NFSS spec.:
(fontspec)             <->s*[1]"name:Rasa:mode=node;script=latn;language=dflt;+tlig;"
(fontspec)             - 'bold' (b/n) with NFSS spec.:
(fontspec)             <->s*[1]"name:Rasa/B:mode=node;script=latn;language=dflt;+tlig;"
(fontspec)             - 'italic' (m/it) with NFSS spec.:
(fontspec)             <->s*[1]"name:Rasa/I:mode=node;script=latn;language=dflt;+tlig;"
(fontspec)             - 'bold italic' (b/it) with NFSS spec.:
(fontspec)             <->s*[1]"name:Rasa/BI:mode=node;script=latn;language=dflt;+tlig;"

LaTeX Font Info:    Font shape `TU/Rasa(0)/m/n' will be
(Font)              scaled to size 10.0pt on input line 64.

Package fontspec Info: 
(fontspec)             Rasa scale = 0.9999963053959693.


Package fontspec Info: 
(fontspec)             Rasa scale = 0.9999963053959693.

luaotfload | aux : font no 34 (nil) does not define feature smcp for script latn with language dflt
luaotfload | aux : font no 34 (nil) does not define feature smcp for script latn with language dflt
luaotfload | aux : font no 34 (nil) does not define feature smcp for script dflt with language dflt
luaotfload | aux : font no 34 (nil) does not define feature smcp for script latn with language dflt
luaotfload | aux : font no 34 (nil) does not define feature smcp for script latn with language dflt
luaotfload | aux : font no 34 (nil) does not define feature smcp for script dflt with language dflt

Package fontspec Info: 
(fontspec)             Rasa/B scale = 0.9999963053959693.

luaotfload | aux : font no 35 (nil) does not define feature smcp for script latn with language dflt
luaotfload | aux : font no 35 (nil) does not define feature smcp for script latn with language dflt
luaotfload | aux : font no 35 (nil) does not define feature smcp for script dflt with language dflt
luaotfload | aux : font no 35 (nil) does not define feature smcp for script latn with language dflt
luaotfload | aux : font no 35 (nil) does not define feature smcp for script latn with language dflt
luaotfload | aux : font no 35 (nil) does not define feature smcp for script dflt with language dflt

Package fontspec Info: 
(fontspec)             Rasa/I scale = 0.9999963053959693.

luaotfload | aux : font no 36 (nil) does not define feature smcp for script latn with language dflt
luaotfload | aux : font no 36 (nil) does not define feature smcp for script latn with language dflt
luaotfload | aux : font no 36 (nil) does not define feature smcp for script dflt with language dflt
luaotfload | aux : font no 36 (nil) does not define feature smcp for script latn with language dflt
luaotfload | aux : font no 36 (nil) does not define feature smcp for script latn with language dflt
luaotfload | aux : font no 36 (nil) does not define feature smcp for script dflt with language dflt

Package fontspec Info: 
(fontspec)             Rasa/BI scale = 0.9999963053959693.

luaotfload | aux : font no 37 (nil) does not define feature smcp for script latn with language dflt
luaotfload | aux : font no 37 (nil) does not define feature smcp for script latn with language dflt
luaotfload | aux : font no 37 (nil) does not define feature smcp for script dflt with language dflt
luaotfload | aux : font no 37 (nil) does not define feature smcp for script latn with language dflt
luaotfload | aux : font no 37 (nil) does not define feature smcp for script latn with language dflt
luaotfload | aux : font no 37 (nil) does not define feature smcp for script dflt with language dflt

Package fontspec Info: 
(fontspec)             Font family 'Rasa(1)' created for font 'Rasa' with
(fontspec)             options [Scale=MatchLowercase,Renderer=Basic].
(fontspec)              
(fontspec)              This font family consists of the following NFSS
(fontspec)             series/shapes:
(fontspec)              
(fontspec)             - 'normal' (m/n) with NFSS spec.:
(fontspec)             <->s*[0.9999963053959693]"name:Rasa:mode=base;script=latn;language=dflt;"
(fontspec)             - 'bold' (b/n) with NFSS spec.:
(fontspec)             <->s*[0.9999963053959693]"name:Rasa/B:mode=base;script=latn;language=dflt;"
(fontspec)             - 'italic' (m/it) with NFSS spec.:
(fontspec)             <->s*[0.9999963053959693]"name:Rasa/I:mode=base;script=latn;language=dflt;"
(fontspec)             - 'bold italic' (b/it) with NFSS spec.:
(fontspec)             <->s*[0.9999963053959693]"name:Rasa/BI:mode=base;script=latn;language=dflt;"

LaTeX Font Info:    Overwriting math alphabet `\mathrm' in version `normal'
(Font)                  OT1/lmr/m/n --> TU/Rasa(1)/m/n on input line 64.
LaTeX Font Info:    Overwriting math alphabet `\mathit' in version `normal'
(Font)                  OT1/lmr/m/it --> TU/Rasa(1)/m/it on input line 64.
LaTeX Font Info:    Overwriting math alphabet `\mathbf' in version `normal'
(Font)                  OT1/lmr/bx/n --> TU/Rasa(1)/b/n on input line 64.
(/Users/ericfoerster/Library/TinyTeX/texmf-dist/tex/latex/multirow/multirow.sty
Package: multirow 2021/03/15 v2.8 Span multiple rows of a table
\multirow@colwidth=\skip57
\multirow@cntb=\count309
\multirow@dima=\skip58
\bigstrutjot=\dimen173
) (/Users/ericfoerster/Library/TinyTeX/texmf-dist/tex/latex/colortbl/colortbl.sty
Package: colortbl 2024/07/06 v1.0i Color table columns (DPC)
(/Users/ericfoerster/Library/TinyTeX/texmf-dist/tex/latex/tools/array.sty
Package: array 2024/06/14 v2.6d Tabular extension package (FMi)
\col@sep=\dimen174
\ar@mcellbox=\box102
\extrarowheight=\dimen175
\NC@list=\toks26
\extratabsurround=\skip59
\backup@length=\skip60
\ar@cellbox=\box103
)
\everycr=\toks27
\minrowclearance=\skip61
\rownum=\count310
) (/Users/ericfoerster/Library/TinyTeX/texmf-dist/tex/latex/tools/hhline.sty
Package: hhline 2020/01/04 v2.04 Table rule package (DPC)
)
\Oldarrayrulewidth=\skip62
\Oldtabcolsep=\skip63
(/Users/ericfoerster/Library/TinyTeX/texmf-dist/tex/latex/tools/longtable.sty
Package: longtable 2024-04-26 v4.20 Multi-page Table package (DPC)
\LTleft=\skip64
\LTright=\skip65
\LTpre=\skip66
\LTpost=\skip67
\LTchunksize=\count311
\LTcapwidth=\dimen176
\LT@head=\box104
\LT@firsthead=\box105
\LT@foot=\box106
\LT@lastfoot=\box107
\LT@gbox=\box108
\LT@cols=\count312
\LT@rows=\count313
\c@LT@tables=\count314
\c@LT@chunks=\count315
\LT@p@ftn=\toks28
) (/Users/ericfoerster/Library/TinyTeX/texmf-dist/tex/latex/hyperref/hyperref.sty
Package: hyperref 2024-07-10 v7.01j Hypertext links for LaTeX
(/Users/ericfoerster/Library/TinyTeX/texmf-dist/tex/generic/kvdefinekeys/kvdefinekeys.sty
Package: kvdefinekeys 2019-12-19 v1.6 Define keys (HO)
) (/Users/ericfoerster/Library/TinyTeX/texmf-dist/tex/generic/pdfescape/pdfescape.sty
Package: pdfescape 2019/12/09 v1.15 Implements pdfTeX's escape features (HO)
(/Users/ericfoerster/Library/TinyTeX/texmf-dist/tex/generic/pdftexcmds/pdftexcmds.sty
Package: pdftexcmds 2020-06-27 v0.33 Utility functions of pdfTeX for LuaTeX (HO)
(/Users/ericfoerster/Library/TinyTeX/texmf-dist/tex/generic/infwarerr/infwarerr.sty
Package: infwarerr 2019/12/03 v1.5 Providing info/warning/error messages (HO)
)
Package pdftexcmds Info: \pdf@primitive is available.
Package pdftexcmds Info: \pdf@ifprimitive is available.
Package pdftexcmds Info: \pdfdraftmode found.
\pdftexcmds@toks=\toks29
)) (/Users/ericfoerster/Library/TinyTeX/texmf-dist/tex/latex/hycolor/hycolor.sty
Package: hycolor 2020-01-27 v1.10 Color options for hyperref/bookmark (HO)
) (/Users/ericfoerster/Library/TinyTeX/texmf-dist/tex/latex/hyperref/nameref.sty
Package: nameref 2023-11-26 v2.56 Cross-referencing by name of section
(/Users/ericfoerster/Library/TinyTeX/texmf-dist/tex/latex/refcount/refcount.sty
Package: refcount 2019/12/15 v3.6 Data extraction from label references (HO)
) (/Users/ericfoerster/Library/TinyTeX/texmf-dist/tex/generic/gettitlestring/gettitlestring.sty
Package: gettitlestring 2019/12/15 v1.6 Cleanup title references (HO)
)
\c@section@level=\count316
) (/Users/ericfoerster/Library/TinyTeX/texmf-dist/tex/generic/stringenc/stringenc.sty
Package: stringenc 2019/11/29 v1.12 Convert strings between diff. encodings (HO)
)
\@linkdim=\dimen177
\Hy@linkcounter=\count317
\Hy@pagecounter=\count318
(/Users/ericfoerster/Library/TinyTeX/texmf-dist/tex/latex/hyperref/pd1enc.def
File: pd1enc.def 2024-07-10 v7.01j Hyperref: PDFDocEncoding definition (HO)
) (/Users/ericfoerster/Library/TinyTeX/texmf-dist/tex/generic/intcalc/intcalc.sty
Package: intcalc 2019/12/15 v1.3 Expandable calculations with integers (HO)
)
\Hy@SavedSpaceFactor=\count319
(/Users/ericfoerster/Library/TinyTeX/texmf-dist/tex/latex/hyperref/puenc.def
File: puenc.def 2024-07-10 v7.01j Hyperref: PDF Unicode definition (HO)
)
Package hyperref Info: Option `unicode' set `true' on input line 4040.
Package hyperref Info: Hyper figures OFF on input line 4157.
Package hyperref Info: Link nesting OFF on input line 4162.
Package hyperref Info: Hyper index ON on input line 4165.
Package hyperref Info: Plain pages OFF on input line 4172.
Package hyperref Info: Backreferencing OFF on input line 4177.
Package hyperref Info: Implicit mode ON; LaTeX internals redefined.
Package hyperref Info: Bookmarks ON on input line 4424.
\c@Hy@tempcnt=\count320
(/Users/ericfoerster/Library/TinyTeX/texmf-dist/tex/latex/url/url.sty
\Urlmuskip=\muskip19
Package: url 2013/09/16  ver 3.4  Verb mode for urls, etc.
)
LaTeX Info: Redefining \url on input line 4763.
\XeTeXLinkMargin=\dimen178
(/Users/ericfoerster/Library/TinyTeX/texmf-dist/tex/generic/bitset/bitset.sty
Package: bitset 2019/12/09 v1.3 Handle bit-vector datatype (HO)
(/Users/ericfoerster/Library/TinyTeX/texmf-dist/tex/generic/bigintcalc/bigintcalc.sty
Package: bigintcalc 2019/12/15 v1.5 Expandable calculations on big integers (HO)
))
\Fld@menulength=\count321
\Field@Width=\dimen179
\Fld@charsize=\dimen180
Package hyperref Info: Hyper figures OFF on input line 6042.
Package hyperref Info: Link nesting OFF on input line 6047.
Package hyperref Info: Hyper index ON on input line 6050.
Package hyperref Info: backreferencing OFF on input line 6057.
Package hyperref Info: Link coloring OFF on input line 6062.
Package hyperref Info: Link coloring with OCG OFF on input line 6067.
Package hyperref Info: PDF/A mode OFF on input line 6072.
(/Users/ericfoerster/Library/TinyTeX/texmf-dist/tex/latex/base/atbegshi-ltx.sty
Package: atbegshi-ltx 2021/01/10 v1.0c Emulation of the original atbegshi
package with kernel methods
)
\Hy@abspage=\count322
\c@Item=\count323
\c@Hfootnote=\count324
)
Package hyperref Info: Driver (autodetected): hluatex.
(/Users/ericfoerster/Library/TinyTeX/texmf-dist/tex/latex/hyperref/hluatex.def
File: hluatex.def 2024-07-10 v7.01j Hyperref driver for luaTeX
(/Users/ericfoerster/Library/TinyTeX/texmf-dist/tex/latex/base/atveryend-ltx.sty
Package: atveryend-ltx 2020/08/19 v1.0a Emulation of the original atveryend package
with kernel methods
)
\Fld@listcount=\count325
\c@bookmark@seq@number=\count326
(/Users/ericfoerster/Library/TinyTeX/texmf-dist/tex/latex/rerunfilecheck/rerunfilecheck.sty
Package: rerunfilecheck 2022-07-10 v1.10 Rerun checks for auxiliary files (HO)
(/Users/ericfoerster/Library/TinyTeX/texmf-dist/tex/generic/uniquecounter/uniquecounter.sty
Package: uniquecounter 2019/12/15 v1.4 Provide unlimited unique counter (HO)
)
Package uniquecounter Info: New unique counter `rerunfilecheck' on input line 285.
)
\Hy@SectionHShift=\skip68
) (/Users/ericfoerster/Library/TinyTeX/texmf-dist/tex/latex/float/float.sty
Package: float 2001/11/08 v1.3d Float enhancements (AL)
\c@float@type=\count327
\float@exts=\toks30
\float@box=\box109
\@float@everytoks=\toks31
\@floatcapt=\box110
) (/Users/ericfoerster/Library/TinyTeX/texmf-dist/tex/latex/wrapfig/wrapfig.sty
\wrapoverhang=\dimen181
\WF@size=\dimen182
\c@WF@wrappedlines=\count328
\WF@box=\box111
\WF@everypar=\toks32
Package: wrapfig 2003/01/31  v 3.6
) (/Users/ericfoerster/Library/TinyTeX/texmf-dist/tex/lualatex/selnolig/selnolig.sty
=== Package selnolig, Version 0.302, Date 2015/10/26 ===
Package: selnolig 2015/10/26
(/Users/ericfoerster/Library/TinyTeX/texmf-dist/tex/generic/iftex/ifluatex.sty
Package: ifluatex 2019/10/25 v1.5 ifluatex legacy package. Use iftex instead.
) (/Users/ericfoerster/Library/TinyTeX/texmf-dist/tex/luatex/luatexbase/luatexbase.sty
Package: luatexbase 2015/10/04 v1.3 luatexbase interface to LuaTeX 
(/Users/ericfoerster/Library/TinyTeX/texmf-dist/tex/luatex/ctablestack/ctablestack.sty
Package: ctablestack 2015/10/01 v1.0 Catcode table stable support
\@catcodetablestackcnt=\count329
)
\CatcodeTableOther=\catcodetable14
\CatcodeTableExpl=\catcodetable15
)
Inserting `Suppress ligatures selectively' in `ligaturing'.) (/Users/ericfoerster/Library/TinyTeX/texmf-dist/tex/latex/bookmark/bookmark.sty
Package: bookmark 2023-12-10 v1.31 PDF bookmarks (HO)
(/Users/ericfoerster/Library/TinyTeX/texmf-dist/tex/latex/bookmark/bkm-pdftex.def
File: bkm-pdftex.def 2023-12-10 v1.31 bookmark driver for pdfTeX and luaTeX (HO)
\BKM@id=\count330
))
Package hyperref Info: Option `colorlinks' set `true' on input line 99.
(./TORV-report_The-Club-at-Flying-Horse-North-Course_2024-10-17_season_average.aux)
\openout1 = TORV-report_The-Club-at-Flying-Horse-North-Course_2024-10-17_season_average.aux

LaTeX Font Info:    Checking defaults for OML/cmm/m/it on input line 105.
LaTeX Font Info:    ... okay on input line 105.
LaTeX Font Info:    Checking defaults for OMS/cmsy/m/n on input line 105.
LaTeX Font Info:    ... okay on input line 105.
LaTeX Font Info:    Checking defaults for OT1/cmr/m/n on input line 105.
LaTeX Font Info:    ... okay on input line 105.
LaTeX Font Info:    Checking defaults for T1/cmr/m/n on input line 105.
LaTeX Font Info:    ... okay on input line 105.
LaTeX Font Info:    Checking defaults for TS1/cmr/m/n on input line 105.
LaTeX Font Info:    ... okay on input line 105.
LaTeX Font Info:    Checking defaults for TU/lmr/m/n on input line 105.
LaTeX Font Info:    ... okay on input line 105.
LaTeX Font Info:    Checking defaults for OMX/cmex/m/n on input line 105.
LaTeX Font Info:    ... okay on input line 105.
LaTeX Font Info:    Checking defaults for U/cmr/m/n on input line 105.
LaTeX Font Info:    ... okay on input line 105.
LaTeX Font Info:    Checking defaults for PD1/pdf/m/n on input line 105.
LaTeX Font Info:    ... okay on input line 105.
LaTeX Font Info:    Checking defaults for PU/pdf/m/n on input line 105.
LaTeX Font Info:    ... okay on input line 105.
LaTeX Font Info:    Overwriting math alphabet `\mathsf' in version `normal'
(Font)                  OT1/lmss/m/n --> TU/lmss/m/n on input line 105.
LaTeX Font Info:    Overwriting math alphabet `\mathsf' in version `bold'
(Font)                  OT1/lmss/bx/n --> TU/lmss/b/n on input line 105.
LaTeX Font Info:    Overwriting math alphabet `\mathtt' in version `normal'
(Font)                  OT1/lmtt/m/n --> TU/lmtt/m/n on input line 105.
LaTeX Font Info:    Overwriting math alphabet `\mathtt' in version `bold'
(Font)                  OT1/lmtt/m/n --> TU/lmtt/b/n on input line 105.

Package fontspec Info: 
(fontspec)             latinmodern-math scale = 0.9582349421690075.


Package fontspec Info: 
(fontspec)             latinmodern-math scale = 0.9582349421690075.


Package fontspec Info: 
(fontspec)             latinmodern-math scale = 0.9582349421690075.


Package fontspec Info: 
(fontspec)             Font family 'latinmodern-math.otf(0)' created for font
(fontspec)             'latinmodern-math.otf' with options
(fontspec)             [Scale=MatchLowercase,Renderer=Basic,BoldItalicFont={},ItalicFont={},SmallCapsFont={},Script=Math,RawFeature={mathfontdimen=xetex},BoldFont={latinmodern-math.otf}].
(fontspec)              
(fontspec)              This font family consists of the following NFSS
(fontspec)             series/shapes:
(fontspec)              
(fontspec)             - 'normal' (m/n) with NFSS spec.:
(fontspec)             <->s*[0.9582349421690075]"[latinmodern-math.otf]:mode=base;script=math;language=dflt;mathfontdimen=xetex;"
(fontspec)             - 'bold' (b/n) with NFSS spec.:
(fontspec)             <->s*[0.9582349421690075]"[latinmodern-math.otf]:mode=base;script=math;language=dflt;mathfontdimen=xetex;"

LaTeX Font Info:    Font shape `TU/latinmodern-math.otf(0)/m/n' will be
(Font)              scaled to size 9.58237pt on input line 105.

Package fontspec Info: 
(fontspec)             latinmodern-math scale = 0.9582349421690075.


Package fontspec Info: 
(fontspec)             latinmodern-math scale = 0.9582349421690075.


Package fontspec Info: 
(fontspec)             latinmodern-math scale = 0.9582349421690075.


Package fontspec Info: 
(fontspec)             latinmodern-math scale = 0.9582349421690075.


Package fontspec Info: 
(fontspec)             latinmodern-math scale = 0.9582349421690075.


Package fontspec Info: 
(fontspec)             Font family 'latinmodern-math.otf(1)' created for font
(fontspec)             'latinmodern-math.otf' with options
(fontspec)             [Scale=MatchLowercase,Renderer=Basic,BoldItalicFont={},ItalicFont={},SmallCapsFont={},Script=Math,SizeFeatures={{Size=8.5-},{Size=6-8.5,Font=latinmodern-math.otf,Style=MathScript},{Size=-6,Font=latinmodern-math.otf,Style=MathScriptScript}},RawFeature={mathfontdimen=xetex},BoldFont={latinmodern-math.otf}].
(fontspec)              
(fontspec)              This font family consists of the following NFSS
(fontspec)             series/shapes:
(fontspec)              
(fontspec)             - 'normal' (m/n) with NFSS spec.:
(fontspec)             <8.5->s*[0.9582349421690075]"[latinmodern-math.otf]:mode=base;script=math;language=dflt;mathfontdimen=xetex;"<6-8.5>s*[0.9582349421690075]"[latinmodern-math.otf]:mode=base;script=math;language=dflt;mathfontdimen=xetex;+ssty=0;"<-6>s*[0.9582349421690075]"[latinmodern-math.otf]:mode=base;script=math;language=dflt;mathfontdimen=xetex;+ssty=1;"
(fontspec)             - 'bold' (b/n) with NFSS spec.:
(fontspec)             <->s*[0.9582349421690075]"[latinmodern-math.otf]:mode=base;script=math;language=dflt;mathfontdimen=xetex;"

LaTeX Font Info:    Font shape `TU/latinmodern-math.otf(1)/m/n' will be
(Font)              scaled to size 9.58237pt on input line 105.
LaTeX Font Info:    Encoding `OT1' has changed to `TU' for symbol font
(Font)              `operators' in the math version `normal' on input line 105.
LaTeX Font Info:    Overwriting symbol font `operators' in version `normal'
(Font)                  OT1/lmr/m/n --> TU/latinmodern-math.otf(1)/m/n on input line 105.
LaTeX Font Info:    Encoding `OT1' has changed to `TU' for symbol font
(Font)              `operators' in the math version `bold' on input line 105.
LaTeX Font Info:    Overwriting symbol font `operators' in version `bold'
(Font)                  OT1/lmr/bx/n --> TU/latinmodern-math.otf(1)/b/n on input line 105.

Package fontspec Info: 
(fontspec)             latinmodern-math scale = 0.9582349421690075.


Package fontspec Info: 
(fontspec)             latinmodern-math scale = 0.9582349421690075.


Package fontspec Info: 
(fontspec)             latinmodern-math scale = 0.9582349421690075.


Package fontspec Info: 
(fontspec)             latinmodern-math scale = 0.9582349421690075.


Package fontspec Info: 
(fontspec)             latinmodern-math scale = 0.9582349421690075.


Package fontspec Info: 
(fontspec)             Font family 'latinmodern-math.otf(2)' created for font
(fontspec)             'latinmodern-math.otf' with options
(fontspec)             [Scale=MatchLowercase,Renderer=Basic,BoldItalicFont={},ItalicFont={},SmallCapsFont={},Script=Math,SizeFeatures={{Size=8.5-},{Size=6-8.5,Font=latinmodern-math.otf,Style=MathScript},{Size=-6,Font=latinmodern-math.otf,Style=MathScriptScript}},RawFeature={mathfontdimen=xetex},BoldFont={latinmodern-math.otf},RawFeature={mathfontdimen=tex2}].
(fontspec)              
(fontspec)              This font family consists of the following NFSS
(fontspec)             series/shapes:
(fontspec)              
(fontspec)             - 'normal' (m/n) with NFSS spec.:
(fontspec)             <8.5->s*[0.9582349421690075]"[latinmodern-math.otf]:mode=base;script=math;language=dflt;mathfontdimen=xetex;mathfontdimen=tex2;"<6-8.5>s*[0.9582349421690075]"[latinmodern-math.otf]:mode=base;script=math;language=dflt;mathfontdimen=xetex;mathfontdimen=tex2;+ssty=0;"<-6>s*[0.9582349421690075]"[latinmodern-math.otf]:mode=base;script=math;language=dflt;mathfontdimen=xetex;mathfontdimen=tex2;+ssty=1;"
(fontspec)             - 'bold' (b/n) with NFSS spec.:
(fontspec)             <->s*[0.9582349421690075]"[latinmodern-math.otf]:mode=base;script=math;language=dflt;mathfontdimen=xetex;mathfontdimen=tex2;"

LaTeX Font Info:    Encoding `OMS' has changed to `TU' for symbol font
(Font)              `symbols' in the math version `normal' on input line 105.
LaTeX Font Info:    Overwriting symbol font `symbols' in version `normal'
(Font)                  OMS/lmsy/m/n --> TU/latinmodern-math.otf(2)/m/n on input line 105.
LaTeX Font Info:    Encoding `OMS' has changed to `TU' for symbol font
(Font)              `symbols' in the math version `bold' on input line 105.
LaTeX Font Info:    Overwriting symbol font `symbols' in version `bold'
(Font)                  OMS/lmsy/b/n --> TU/latinmodern-math.otf(2)/b/n on input line 105.

Package fontspec Info: 
(fontspec)             latinmodern-math scale = 0.9582349421690075.


Package fontspec Info: 
(fontspec)             latinmodern-math scale = 0.9582349421690075.


Package fontspec Info: 
(fontspec)             latinmodern-math scale = 0.9582349421690075.


Package fontspec Info: 
(fontspec)             latinmodern-math scale = 0.9582349421690075.


Package fontspec Info: 
(fontspec)             latinmodern-math scale = 0.9582349421690075.


Package fontspec Info: 
(fontspec)             Font family 'latinmodern-math.otf(3)' created for font
(fontspec)             'latinmodern-math.otf' with options
(fontspec)             [Scale=MatchLowercase,Renderer=Basic,BoldItalicFont={},ItalicFont={},SmallCapsFont={},Script=Math,SizeFeatures={{Size=8.5-},{Size=6-8.5,Font=latinmodern-math.otf,Style=MathScript},{Size=-6,Font=latinmodern-math.otf,Style=MathScriptScript}},RawFeature={mathfontdimen=xetex},BoldFont={latinmodern-math.otf},RawFeature={mathfontdimen=tex3}].
(fontspec)              
(fontspec)              This font family consists of the following NFSS
(fontspec)             series/shapes:
(fontspec)              
(fontspec)             - 'normal' (m/n) with NFSS spec.:
(fontspec)             <8.5->s*[0.9582349421690075]"[latinmodern-math.otf]:mode=base;script=math;language=dflt;mathfontdimen=xetex;mathfontdimen=tex3;"<6-8.5>s*[0.9582349421690075]"[latinmodern-math.otf]:mode=base;script=math;language=dflt;mathfontdimen=xetex;mathfontdimen=tex3;+ssty=0;"<-6>s*[0.9582349421690075]"[latinmodern-math.otf]:mode=base;script=math;language=dflt;mathfontdimen=xetex;mathfontdimen=tex3;+ssty=1;"
(fontspec)             - 'bold' (b/n) with NFSS spec.:
(fontspec)             <->s*[0.9582349421690075]"[latinmodern-math.otf]:mode=base;script=math;language=dflt;mathfontdimen=xetex;mathfontdimen=tex3;"

LaTeX Font Info:    Encoding `OMX' has changed to `TU' for symbol font
(Font)              `largesymbols' in the math version `normal' on input line 105.
LaTeX Font Info:    Overwriting symbol font `largesymbols' in version `normal'
(Font)                  OMX/lmex/m/n --> TU/latinmodern-math.otf(3)/m/n on input line 105.
LaTeX Font Info:    Encoding `OMX' has changed to `TU' for symbol font
(Font)              `largesymbols' in the math version `bold' on input line 105.
LaTeX Font Info:    Overwriting symbol font `largesymbols' in version `bold'
(Font)                  OMX/lmex/m/n --> TU/latinmodern-math.otf(3)/b/n on input line 105.
LaTeX Font Info:    Font shape `TU/latinmodern-math.otf(1)/m/n' will be
(Font)              scaled to size 6.70766pt on input line 105.
LaTeX Font Info:    Font shape `TU/latinmodern-math.otf(1)/m/n' will be
(Font)              scaled to size 4.79118pt on input line 105.
LaTeX Font Info:    Trying to load font information for OML+lmm on input line 105.
(/Users/ericfoerster/Library/TinyTeX/texmf-dist/tex/latex/lm/omllmm.fd
File: omllmm.fd 2015/05/01 v1.6.1 Font defs for Latin Modern
)
LaTeX Font Info:    Font shape `TU/latinmodern-math.otf(2)/m/n' will be
(Font)              scaled to size 9.58237pt on input line 105.
LaTeX Font Info:    Font shape `TU/latinmodern-math.otf(2)/m/n' will be
(Font)              scaled to size 6.70766pt on input line 105.
LaTeX Font Info:    Font shape `TU/latinmodern-math.otf(2)/m/n' will be
(Font)              scaled to size 4.79118pt on input line 105.
LaTeX Font Info:    Font shape `TU/latinmodern-math.otf(3)/m/n' will be
(Font)              scaled to size 9.58237pt on input line 105.
LaTeX Font Info:    Font shape `TU/latinmodern-math.otf(3)/m/n' will be
(Font)              scaled to size 6.70766pt on input line 105.
LaTeX Font Info:    Font shape `TU/latinmodern-math.otf(3)/m/n' will be
(Font)              scaled to size 4.79118pt on input line 105.
LaTeX Font Info:    Trying to load font information for U+msa on input line 105.
(/Users/ericfoerster/Library/TinyTeX/texmf-dist/tex/latex/amsfonts/umsa.fd
File: umsa.fd 2013/01/14 v3.01 AMS symbols A
)
LaTeX Font Info:    Trying to load font information for U+msb on input line 105.
(/Users/ericfoerster/Library/TinyTeX/texmf-dist/tex/latex/amsfonts/umsb.fd
File: umsb.fd 2013/01/14 v3.01 AMS symbols B
)
LaTeX Info: Redefining \microtypecontext on input line 105.
Package microtype Info: Applying patch `item' on input line 105.
Package microtype Info: Applying patch `toc' on input line 105.
Package microtype Info: Applying patch `eqnum' on input line 105.
Package microtype Info: Applying patch `footnote' on input line 105.
Package microtype Info: Applying patch `verbatim' on input line 105.
Package microtype Info: Generating PDF output.
Package microtype Info: Character protrusion enabled (level 2).
Package microtype Info: Using protrusion set `basicmath'.
Package microtype Info: Automatic font expansion enabled (level 2),
(microtype)             stretch: 20, shrink: 20, step: 1, non-selected.
Package microtype Info: Using default expansion set `alltext-nott'.
LaTeX Info: Redefining \showhyphens on input line 105.
Package microtype Info: No adjustment of tracking.
Package microtype Info: No adjustment of spacing.
Package microtype Info: No adjustment of kerning.
Package microtype Info: Loading generic protrusion settings for font family
(microtype)             `Rasa' (encoding: TU).
(microtype)             For optimal results, create family-specific settings.
(microtype)             See the microtype manual for details.
(/Users/ericfoerster/Library/TinyTeX/texmf-dist/tex/latex/epstopdf-pkg/epstopdf-base.sty
Package: epstopdf-base 2020-01-24 v2.11 Base part for package epstopdf
Package epstopdf-base Info: Redefining graphics rule for `.eps' on input line 485.
(/Users/ericfoerster/Library/TinyTeX/texmf-dist/tex/latex/latexconfig/epstopdf-sys.cfg
File: epstopdf-sys.cfg 2010/07/13 v1.3 Configuration of (r)epstopdf for TeX Live
))
*geometry* driver: auto-detecting
*geometry* detected driver: luatex
*geometry* verbose mode - [ preamble ] result:
* driver: luatex
* paper: <default>
* layout: <same size as paper>
* layoutoffset:(h,v)=(0.0pt,0.0pt)
* modes: 
* h-part:(L,W,R)=(72.26999pt, 469.75502pt, 72.26999pt)
* v-part:(T,H,B)=(72.26999pt, 650.43001pt, 72.26999pt)
* \paperwidth=614.295pt
* \paperheight=794.96999pt
* \textwidth=469.75502pt
* \textheight=650.43001pt
* \oddsidemargin=0.0pt
* \evensidemargin=0.0pt
* \topmargin=-37.0pt
* \headheight=12.0pt
* \headsep=25.0pt
* \topskip=10.0pt
* \footskip=30.0pt
* \marginparwidth=65.0pt
* \marginparsep=11.0pt
* \columnsep=10.0pt
* \skip\footins=9.0pt plus 4.0pt minus 2.0pt
* \hoffset=0.0pt
* \voffset=0.0pt
* \mag=1000
* \@twocolumnfalse
* \@twosidefalse
* \@mparswitchfalse
* \@reversemarginfalse
* (1in=72.27pt=25.4mm, 1cm=28.453pt)

Package hyperref Info: Link coloring ON on input line 105.
LaTeX Font Info:    Font shape `TU/Rasa(0)/m/n' will be
(Font)              scaled to size 17.28pt on input line 107.
LaTeX Font Info:    Font shape `TU/Rasa(0)/m/n' will be
(Font)              scaled to size 12.0pt on input line 107.
LaTeX Font Info:    Font shape `TU/latinmodern-math.otf(1)/m/n' will be
(Font)              scaled to size 11.49884pt on input line 107.
LaTeX Font Info:    Font shape `TU/latinmodern-math.otf(1)/m/n' will be
(Font)              scaled to size 7.6659pt on input line 107.
LaTeX Font Info:    Font shape `TU/latinmodern-math.otf(1)/m/n' will be
(Font)              scaled to size 5.74942pt on input line 107.
LaTeX Font Info:    Font shape `TU/latinmodern-math.otf(2)/m/n' will be
(Font)              scaled to size 11.49884pt on input line 107.
LaTeX Font Info:    Font shape `TU/latinmodern-math.otf(2)/m/n' will be
(Font)              scaled to size 7.6659pt on input line 107.
LaTeX Font Info:    Font shape `TU/latinmodern-math.otf(2)/m/n' will be
(Font)              scaled to size 5.74942pt on input line 107.
LaTeX Font Info:    Font shape `TU/latinmodern-math.otf(3)/m/n' will be
(Font)              scaled to size 11.49884pt on input line 107.
LaTeX Font Info:    Font shape `TU/latinmodern-math.otf(3)/m/n' will be
(Font)              scaled to size 7.6659pt on input line 107.
LaTeX Font Info:    Font shape `TU/latinmodern-math.otf(3)/m/n' will be
(Font)              scaled to size 5.74942pt on input line 107.
(/Users/ericfoerster/Library/TinyTeX/texmf-dist/tex/latex/microtype/mt-msa.cfg
File: mt-msa.cfg 2006/02/04 v1.1 microtype config. file: AMS symbols (a) (RS)
) (/Users/ericfoerster/Library/TinyTeX/texmf-dist/tex/latex/microtype/mt-msb.cfg
File: mt-msb.cfg 2005/06/01 v1.0 microtype config. file: AMS symbols (b) (RS)
)
<assets/torv-logo-wide.png, id=4, 738.76pt x 180.675pt>
File: assets/torv-logo-wide.png Graphic file (type png)
<use assets/torv-logo-wide.png>
Package luatex.def Info: assets/torv-logo-wide.png  used on input line 108.
(luatex.def)             Requested size: 469.74991pt x 114.88448pt.
LaTeX Font Info:    Font shape `TU/Rasa(0)/m/n' will be
(Font)              scaled to size 14.4pt on input line 112.
LaTeX Font Info:    Font shape `TU/Rasa(0)/b/n' will be
(Font)              scaled to size 14.4pt on input line 112.


[1

{/Users/ericfoerster/Library/TinyTeX/texmf-var/fonts/map/pdftex/updmap/pdftex.map}<./assets/torv-logo-wide.png>]
LaTeX Font Info:    Font shape `TU/Rasa(0)/b/n' will be
(Font)              scaled to size 12.0pt on input line 116.
LaTeX Font Info:    Font shape `TU/Rasa(0)/b/n' will be
(Font)              scaled to size 1.0pt on input line 116.
<figures/headers/none_testing_executive_summary_plot.png, id=13, 404.712pt x 50.589pt>
File: figures/headers/none_testing_executive_summary_plot.png Graphic file (type png)
<use figures/headers/none_testing_executive_summary_plot.png>
Package luatex.def Info: figures/headers/none_testing_executive_summary_plot.png  used on input line 118.
(luatex.def)             Requested size: 404.72954pt x 50.59117pt.
LaTeX Font Info:    Font shape `TU/Rasa(0)/b/n' will be
(Font)              scaled to size 10.0pt on input line 121.
LaTeX Font Info:    Font shape `TU/Rasa(0)/b/n' will be
(Font)              scaled to size 16.0pt on input line 121.
LaTeX Font Info:    Font shape `TU/Rasa(0)/m/n' will be
(Font)              scaled to size 9.0pt on input line 166.
LaTeX Font Info:    Font shape `TU/Rasa(0)/b/n' will be
(Font)              scaled to size 9.0pt on input line 166.
LaTeX Font Info:    Font shape `TU/Rasa(0)/b/it' will be
(Font)              scaled to size 9.0pt on input line 166.
LaTeX Font Info:    Font shape `TU/Rasa(0)/m/n' will be
(Font)              scaled to size 8.0pt on input line 170.
LaTeX Font Info:    Font shape `TU/Rasa(0)/m/it' will be
(Font)              scaled to size 8.0pt on input line 170.


[2<./figures/headers/none_testing_executive_summary_plot.png>]
<figures/headers/om_testing_green_plot.png, id=27, 404.712pt x 50.589pt>
File: figures/headers/om_testing_green_plot.png Graphic file (type png)
<use figures/headers/om_testing_green_plot.png>
Package luatex.def Info: figures/headers/om_testing_green_plot.png  used on input line 181.
(luatex.def)             Requested size: 404.72954pt x 50.59117pt.

Underfull \hbox (badness 10000) in paragraph at lines 195--199

 []

</Users/ericfoerster/Desktop/torv-reports v4/generated-reports/TORV-report_The-Club-at-Flying-Horse-North-Course_2024-10-17_season_average_files/figure-latex/unnamed-chunk-16-1.png, id=28, 471.9231pt x 162.75204pt>
File: /Users/ericfoerster/Desktop/torv-reports v4/generated-reports/TORV-report_The-Club-at-Flying-Horse-North-Course_2024-10-17_season_average_files/figure-latex/unnamed-chunk-16-1.png Graphic file (type png)
<use /Users/ericfoerster/Desktop/torv-reports v4/generated-reports/TORV-report_The-Club-at-Flying-Horse-North-Course_2024-10-17_season_average_files/figure-latex/unnamed-chunk-16-1.png>
Package luatex.def Info: /Users/ericfoerster/Desktop/torv-reports v4/generated-reports/TORV-report_The-Club-at-Flying-Horse-North-Course_2024-10-17_season_average_files/figure-latex/unnamed-chunk-16-1.png  used on input line 200.
(luatex.def)             Requested size: 469.76884pt x 162.0091pt.
LaTeX Font Info:    Font shape `TU/Rasa(0)/m/n' will be
(Font)              scaled to size 7.0pt on input line 224.

Package fontspec Info: 
(fontspec)             Georama SemiCondensed Medium scale =
(fontspec)             0.7509066048391889.


Package fontspec Info: 
(fontspec)             Georama SemiCondensed Medium scale = 1.


Package fontspec Info: 
(fontspec)             Could not resolve font "Georama SemiCondensed
(fontspec)             Medium/BI" (it probably doesn't exist).


Package fontspec Info: 
(fontspec)             Could not resolve font "Georama SemiCondensed Medium/B"
(fontspec)             (it probably doesn't exist).


Package fontspec Info: 
(fontspec)             Could not resolve font "Georama SemiCondensed Medium/I"
(fontspec)             (it probably doesn't exist).


Package fontspec Info: 
(fontspec)             Georama SemiCondensed Medium scale =
(fontspec)             0.7509066048391889.


Package fontspec Info: 
(fontspec)             Georama SemiCondensed Medium scale = 1.


Package fontspec Info: 
(fontspec)             Georama SemiCondensed Medium scale =
(fontspec)             0.7509066048391889.


Package fontspec Info: 
(fontspec)             Georama SemiCondensed Medium scale = 1.


Package fontspec Info: 
(fontspec)             Font family 'GeoramaSemiCondensedMedium(0)' created for
(fontspec)             font 'Georama SemiCondensed Medium' with options
(fontspec)             [Scale=MatchLowercase,Ligatures=TeX,Scale=1].
(fontspec)              
(fontspec)              This font family consists of the following NFSS
(fontspec)             series/shapes:
(fontspec)              
(fontspec)             - 'normal' (m/n) with NFSS spec.: <->s*[1]"name:Georama
(fontspec)             SemiCondensed
(fontspec)             Medium:mode=node;script=latn;language=dflt;+tlig;"
(fontspec)             - 'small caps'  (m/sc) with NFSS spec.:
(fontspec)             <->s*[1]"name:Georama SemiCondensed
(fontspec)             Medium:mode=node;script=latn;language=dflt;+tlig;+smcp;"

LaTeX Font Info:    Font shape `TU/GeoramaSemiCondensedMedium(0)/m/n' will be
(Font)              scaled to size 7.0pt on input line 224.

Package fontspec Info: 
(fontspec)             Georama SemiCondensed Medium scale =
(fontspec)             0.7509066048391889.


Package fontspec Info: 
(fontspec)             Georama SemiCondensed Medium scale = 1.


Package fontspec Info: 
(fontspec)             Georama SemiCondensed Medium scale =
(fontspec)             0.7509066048391889.


Package fontspec Info: 
(fontspec)             Georama SemiCondensed Medium scale = 1.


Package fontspec Info: 
(fontspec)             Georama SemiCondensed Medium scale =
(fontspec)             0.7509066048391889.


Package fontspec Info: 
(fontspec)             Georama SemiCondensed Medium scale = 1.


Package fontspec Info: 
(fontspec)             Georama SemiCondensed Medium scale =
(fontspec)             0.7509066048391889.


Package fontspec Info: 
(fontspec)             Georama SemiCondensed Medium scale = 1.


Package fontspec Info: 
(fontspec)             Georama SemiCondensed Medium scale =
(fontspec)             0.7509066048391889.


Package fontspec Info: 
(fontspec)             Georama SemiCondensed Medium scale = 1.


Package fontspec Info: 
(fontspec)             Georama SemiCondensed Medium scale =
(fontspec)             0.7509066048391889.


Package fontspec Info: 
(fontspec)             Georama SemiCondensed Medium scale = 1.


Package fontspec Info: 
(fontspec)             Georama SemiCondensed Medium scale =
(fontspec)             0.7509066048391889.


Package fontspec Info: 
(fontspec)             Georama SemiCondensed Medium scale = 1.


Package fontspec Info: 
(fontspec)             Georama SemiCondensed Medium scale =
(fontspec)             0.7509066048391889.


Package fontspec Info: 
(fontspec)             Georama SemiCondensed Medium scale = 1.


Package fontspec Info: 
(fontspec)             Georama SemiCondensed Medium scale =
(fontspec)             0.7509066048391889.


Package fontspec Info: 
(fontspec)             Georama SemiCondensed Medium scale = 1.


Package fontspec Info: 
(fontspec)             Georama SemiCondensed Medium scale =
(fontspec)             0.7509066048391889.


Package fontspec Info: 
(fontspec)             Georama SemiCondensed Medium scale = 1.


Package fontspec Info: 
(fontspec)             Georama SemiCondensed Medium scale =
(fontspec)             0.7509066048391889.


Package fontspec Info: 
(fontspec)             Georama SemiCondensed Medium scale = 1.


Package fontspec Info: 
(fontspec)             Georama SemiCondensed Medium scale =
(fontspec)             0.7509066048391889.


Package fontspec Info: 
(fontspec)             Georama SemiCondensed Medium scale = 1.


Package fontspec Info: 
(fontspec)             Georama SemiCondensed Medium scale =
(fontspec)             0.7509066048391889.


Package fontspec Info: 
(fontspec)             Georama SemiCondensed Medium scale = 1.


Package fontspec Info: 
(fontspec)             Georama SemiCondensed Medium scale =
(fontspec)             0.7509066048391889.


Package fontspec Info: 
(fontspec)             Georama SemiCondensed Medium scale = 1.


Package fontspec Info: 
(fontspec)             Georama SemiCondensed Medium scale =
(fontspec)             0.7509066048391889.


Package fontspec Info: 
(fontspec)             Georama SemiCondensed Medium scale = 1.


Package fontspec Info: 
(fontspec)             Georama SemiCondensed Medium scale =
(fontspec)             0.7509066048391889.


Package fontspec Info: 
(fontspec)             Georama SemiCondensed Medium scale = 1.


Package fontspec Info: 
(fontspec)             Georama SemiCondensed Medium scale =
(fontspec)             0.7509066048391889.


Package fontspec Info: 
(fontspec)             Georama SemiCondensed Medium scale = 1.


Package fontspec Info: 
(fontspec)             Georama SemiCondensed Medium scale =
(fontspec)             0.7509066048391889.


Package fontspec Info: 
(fontspec)             Georama SemiCondensed Medium scale = 1.


Package fontspec Info: 
(fontspec)             Georama SemiCondensed Medium scale =
(fontspec)             0.7509066048391889.


Package fontspec Info: 
(fontspec)             Georama SemiCondensed Medium scale = 1.


Package fontspec Info: 
(fontspec)             Georama SemiCondensed Medium scale =
(fontspec)             0.7509066048391889.


Package fontspec Info: 
(fontspec)             Georama SemiCondensed Medium scale = 1.


Package fontspec Info: 
(fontspec)             Georama SemiCondensed Medium scale =
(fontspec)             0.7509066048391889.


Package fontspec Info: 
(fontspec)             Georama SemiCondensed Medium scale = 1.


Package fontspec Info: 
(fontspec)             Georama SemiCondensed Medium scale =
(fontspec)             0.7509066048391889.


Package fontspec Info: 
(fontspec)             Georama SemiCondensed Medium scale = 1.


Package fontspec Info: 
(fontspec)             Georama SemiCondensed Medium scale =
(fontspec)             0.7509066048391889.


Package fontspec Info: 
(fontspec)             Georama SemiCondensed Medium scale = 1.


Package fontspec Info: 
(fontspec)             Georama SemiCondensed Medium scale =
(fontspec)             0.7509066048391889.


Package fontspec Info: 
(fontspec)             Georama SemiCondensed Medium scale = 1.


Package fontspec Info: 
(fontspec)             Georama SemiCondensed Medium scale =
(fontspec)             0.7509066048391889.


Package fontspec Info: 
(fontspec)             Georama SemiCondensed Medium scale = 1.


Package fontspec Info: 
(fontspec)             Georama SemiCondensed Medium scale =
(fontspec)             0.7509066048391889.


Package fontspec Info: 
(fontspec)             Georama SemiCondensed Medium scale = 1.


Package fontspec Info: 
(fontspec)             Georama SemiCondensed Medium scale =
(fontspec)             0.7509066048391889.


Package fontspec Info: 
(fontspec)             Georama SemiCondensed Medium scale = 1.


Package fontspec Info: 
(fontspec)             Georama SemiCondensed Medium scale =
(fontspec)             0.7509066048391889.


Package fontspec Info: 
(fontspec)             Georama SemiCondensed Medium scale = 1.


Package fontspec Info: 
(fontspec)             Georama SemiCondensed Medium scale =
(fontspec)             0.7509066048391889.


Package fontspec Info: 
(fontspec)             Georama SemiCondensed Medium scale = 1.


Package fontspec Info: 
(fontspec)             Georama SemiCondensed Medium scale =
(fontspec)             0.7509066048391889.


Package fontspec Info: 
(fontspec)             Georama SemiCondensed Medium scale = 1.


Package fontspec Info: 
(fontspec)             Georama SemiCondensed Medium scale =
(fontspec)             0.7509066048391889.


Package fontspec Info: 
(fontspec)             Georama SemiCondensed Medium scale = 1.



[3<./figures/headers/om_testing_green_plot.png></Users/ericfoerster/Desktop/torv-reports v4/generated-reports/TORV-report_The-Club-at-Flying-Horse-North-Course_2024-10-17_season_average_files/figure-latex/unnamed-chunk-16-1.png>]
<figures/headers/none_testing_how_to_read_trend_line_plots_plot.png, id=40, 404.712pt x 50.589pt>
File: figures/headers/none_testing_how_to_read_trend_line_plots_plot.png Graphic file (type png)
<use figures/headers/none_testing_how_to_read_trend_line_plots_plot.png>
Package luatex.def Info: figures/headers/none_testing_how_to_read_trend_line_plots_plot.png  used on input line 284.
(luatex.def)             Requested size: 404.72954pt x 50.59117pt.
<figures/trendlines/trend_plot_legend_mean_median.png, id=41, 180.675pt x 144.54pt>
File: figures/trendlines/trend_plot_legend_mean_median.png Graphic file (type png)
<use figures/trendlines/trend_plot_legend_mean_median.png>
Package luatex.def Info: figures/trendlines/trend_plot_legend_mean_median.png  used on input line 292.
(luatex.def)             Requested size: 180.68282pt x 144.54623pt.


[4<./figures/headers/none_testing_how_to_read_trend_line_plots_plot.png><./figures/trendlines/trend_plot_legend_mean_median.png>] (./TORV-report_The-Club-at-Flying-Horse-North-Course_2024-10-17_season_average.aux)
 ***********
LaTeX2e <2024-06-01> patch level 2
L3 programming layer <2024-09-10>
 ***********
)

Here is how much of LuaTeX's memory you used:
 20678 strings out of 475910
 125086,1144653 words of node,token memory allocated
 704 words of node memory still in use:
   8 hlist, 3 vlist, 4 rule, 1 local_par, 5 glue, 5 kern, 1 penalty, 1 margin_kern, 4 glyph, 13 attribute, 67 glue_spec, 13 attribute_list, 1 write, 1 user_defined, 2 pdf_colorstack nodes
   avail lists: 2:660,3:166,4:222,5:1027,6:49,7:3681,8:1,9:512,10:20,11:286
 42919 multiletter control sequences out of 65536+600000
 95 fonts using 25736235 bytes
 90i,7n,131p,1570b,510s stack positions out of 10000i,1000n,20000p,200000b,200000s
</Users/ericfoerster/Library/Fonts/Georama_SemiCondensed-Medium.ttf></Users/ericfoerster/Library/Fonts/Rasa-Italic.ttf></Users/ericfoerster/Library/Fonts/Rasa-BoldItalic.ttf></Users/ericfoerster/Library/Fonts/Rasa-Bold.ttf></Users/ericfoerster/Library/Fonts/Rasa-Regular.ttf>
Output written on TORV-report_The-Club-at-Flying-Horse-North-Course_2024-10-17_season_average.pdf (4 pages, 316233 bytes).

PDF statistics: 105 PDF objects out of 1000 (max. 8388607)
 76 compressed objects within 1 object stream
 14 named destinations out of 1000 (max. 131072)
 65 words of extra memory for PDF output out of 10000 (max. 100000000)

